{"C:\\Users\\PC\\Desktop\\shopmind\\ShopMind\\ShopMind\\src\\components\\BottomNavigation.tsx": {"path":"C:\\Users\\PC\\Desktop\\shopmind\\ShopMind\\ShopMind\\src\\components\\BottomNavigation.tsx","statementMap":{"0":{"start":{"line":4,"column":18},"end":{"line":4,"column":42}},"1":{"start":{"line":11,"column":58},"end":{"line":46,"column":1}},"2":{"start":{"line":12,"column":15},"end":{"line":17,"column":12}},"3":{"start":{"line":19,"column":2},"end":{"line":45,"column":4}},"4":{"start":{"line":22,"column":8},"end":{"line":42,"column":27}},"5":{"start":{"line":28,"column":25},"end":{"line":28,"column":43}},"6":{"start":{"line":48,"column":15},"end":{"line":93,"column":2}}},"fnMap":{"0":{"name":"(anonymous_0)","decl":{"start":{"line":11,"column":58},"end":{"line":11,"column":59}},"loc":{"start":{"line":11,"column":89},"end":{"line":46,"column":1}},"line":11},"1":{"name":"(anonymous_1)","decl":{"start":{"line":21,"column":16},"end":{"line":21,"column":17}},"loc":{"start":{"line":22,"column":8},"end":{"line":42,"column":27}},"line":22},"2":{"name":"(anonymous_2)","decl":{"start":{"line":28,"column":19},"end":{"line":28,"column":20}},"loc":{"start":{"line":28,"column":25},"end":{"line":28,"column":43}},"line":28}},"branchMap":{"0":{"loc":{"start":{"line":26,"column":12},"end":{"line":26,"column":52}},"type":"binary-expr","locations":[{"start":{"line":26,"column":12},"end":{"line":26,"column":32}},{"start":{"line":26,"column":36},"end":{"line":26,"column":52}}],"line":26},"1":{"loc":{"start":{"line":32,"column":12},"end":{"line":32,"column":56}},"type":"binary-expr","locations":[{"start":{"line":32,"column":12},"end":{"line":32,"column":32}},{"start":{"line":32,"column":36},"end":{"line":32,"column":56}}],"line":32},"2":{"loc":{"start":{"line":38,"column":12},"end":{"line":38,"column":57}},"type":"binary-expr","locations":[{"start":{"line":38,"column":12},"end":{"line":38,"column":32}},{"start":{"line":38,"column":36},"end":{"line":38,"column":57}}],"line":38}},"s":{"0":1,"1":1,"2":3,"3":3,"4":12,"5":0,"6":1},"f":{"0":3,"1":12,"2":0},"b":{"0":[12,3],"1":[12,3],"2":[12,3]},"_coverageSchema":"1a1c01bbd47fc00a2c39e90264f33305004495a9","hash":"61ad2cd91f234a746b533e78e8be7ee37b60baac"}
,"C:\\Users\\PC\\Desktop\\shopmind\\ShopMind\\ShopMind\\src\\components\\DiscountDetailsModal.tsx": {"path":"C:\\Users\\PC\\Desktop\\shopmind\\ShopMind\\ShopMind\\src\\components\\DiscountDetailsModal.tsx","statementMap":{"0":{"start":{"line":17,"column":18},"end":{"line":17,"column":42}},"1":{"start":{"line":26,"column":66},"end":{"line":255,"column":1}},"2":{"start":{"line":32,"column":48},"end":{"line":32,"column":94}},"3":{"start":{"line":33,"column":32},"end":{"line":33,"column":47}},"4":{"start":{"line":35,"column":2},"end":{"line":41,"column":26}},"5":{"start":{"line":36,"column":4},"end":{"line":40,"column":5}},"6":{"start":{"line":37,"column":6},"end":{"line":37,"column":28}},"7":{"start":{"line":39,"column":6},"end":{"line":39,"column":31}},"8":{"start":{"line":43,"column":30},"end":{"line":56,"column":3}},"9":{"start":{"line":44,"column":4},"end":{"line":44,"column":26}},"10":{"start":{"line":44,"column":19},"end":{"line":44,"column":26}},"11":{"start":{"line":46,"column":4},"end":{"line":46,"column":21}},"12":{"start":{"line":47,"column":4},"end":{"line":55,"column":5}},"13":{"start":{"line":48,"column":22},"end":{"line":48,"column":75}},"14":{"start":{"line":49,"column":6},"end":{"line":49,"column":34}},"15":{"start":{"line":51,"column":6},"end":{"line":51,"column":62}},"16":{"start":{"line":52,"column":6},"end":{"line":52,"column":81}},"17":{"start":{"line":54,"column":6},"end":{"line":54,"column":24}},"18":{"start":{"line":58,"column":30},"end":{"line":63,"column":3}},"19":{"start":{"line":59,"column":4},"end":{"line":62,"column":5}},"20":{"start":{"line":60,"column":6},"end":{"line":60,"column":45}},"21":{"start":{"line":61,"column":6},"end":{"line":61,"column":16}},"22":{"start":{"line":65,"column":30},"end":{"line":70,"column":3}},"23":{"start":{"line":66,"column":4},"end":{"line":66,"column":29}},"24":{"start":{"line":66,"column":19},"end":{"line":66,"column":29}},"25":{"start":{"line":67,"column":4},"end":{"line":69,"column":52}},"26":{"start":{"line":72,"column":26},"end":{"line":78,"column":3}},"27":{"start":{"line":73,"column":4},"end":{"line":73,"column":32}},"28":{"start":{"line":73,"column":19},"end":{"line":73,"column":32}},"29":{"start":{"line":74,"column":16},"end":{"line":74,"column":26}},"30":{"start":{"line":75,"column":22},"end":{"line":75,"column":50}},"31":{"start":{"line":76,"column":20},"end":{"line":76,"column":46}},"32":{"start":{"line":77,"column":4},"end":{"line":77,"column":46}},"33":{"start":{"line":80,"column":2},"end":{"line":80,"column":29}},"34":{"start":{"line":80,"column":17},"end":{"line":80,"column":29}},"35":{"start":{"line":82,"column":2},"end":{"line":254,"column":4}},"36":{"start":{"line":194,"column":22},"end":{"line":229,"column":29}},"37":{"start":{"line":257,"column":15},"end":{"line":545,"column":2}}},"fnMap":{"0":{"name":"(anonymous_0)","decl":{"start":{"line":26,"column":66},"end":{"line":26,"column":67}},"loc":{"start":{"line":31,"column":6},"end":{"line":255,"column":1}},"line":31},"1":{"name":"(anonymous_1)","decl":{"start":{"line":35,"column":12},"end":{"line":35,"column":13}},"loc":{"start":{"line":35,"column":18},"end":{"line":41,"column":3}},"line":35},"2":{"name":"(anonymous_2)","decl":{"start":{"line":43,"column":30},"end":{"line":43,"column":31}},"loc":{"start":{"line":43,"column":42},"end":{"line":56,"column":3}},"line":43},"3":{"name":"(anonymous_3)","decl":{"start":{"line":58,"column":30},"end":{"line":58,"column":31}},"loc":{"start":{"line":58,"column":36},"end":{"line":63,"column":3}},"line":58},"4":{"name":"(anonymous_4)","decl":{"start":{"line":65,"column":30},"end":{"line":65,"column":31}},"loc":{"start":{"line":65,"column":36},"end":{"line":70,"column":3}},"line":65},"5":{"name":"(anonymous_5)","decl":{"start":{"line":72,"column":26},"end":{"line":72,"column":27}},"loc":{"start":{"line":72,"column":32},"end":{"line":78,"column":3}},"line":72},"6":{"name":"(anonymous_6)","decl":{"start":{"line":193,"column":50},"end":{"line":193,"column":51}},"loc":{"start":{"line":194,"column":22},"end":{"line":229,"column":29}},"line":194}},"branchMap":{"0":{"loc":{"start":{"line":36,"column":4},"end":{"line":40,"column":5}},"type":"if","locations":[{"start":{"line":36,"column":4},"end":{"line":40,"column":5}},{"start":{"line":38,"column":11},"end":{"line":40,"column":5}}],"line":36},"1":{"loc":{"start":{"line":36,"column":8},"end":{"line":36,"column":27}},"type":"binary-expr","locations":[{"start":{"line":36,"column":8},"end":{"line":36,"column":15}},{"start":{"line":36,"column":19},"end":{"line":36,"column":27}}],"line":36},"2":{"loc":{"start":{"line":44,"column":4},"end":{"line":44,"column":26}},"type":"if","locations":[{"start":{"line":44,"column":4},"end":{"line":44,"column":26}},{"start":{},"end":{}}],"line":44},"3":{"loc":{"start":{"line":59,"column":4},"end":{"line":62,"column":5}},"type":"if","locations":[{"start":{"line":59,"column":4},"end":{"line":62,"column":5}},{"start":{},"end":{}}],"line":59},"4":{"loc":{"start":{"line":59,"column":8},"end":{"line":59,"column":35}},"type":"binary-expr","locations":[{"start":{"line":59,"column":8},"end":{"line":59,"column":16}},{"start":{"line":59,"column":20},"end":{"line":59,"column":35}}],"line":59},"5":{"loc":{"start":{"line":66,"column":4},"end":{"line":66,"column":29}},"type":"if","locations":[{"start":{"line":66,"column":4},"end":{"line":66,"column":29}},{"start":{},"end":{}}],"line":66},"6":{"loc":{"start":{"line":67,"column":11},"end":{"line":69,"column":51}},"type":"cond-expr","locations":[{"start":{"line":68,"column":8},"end":{"line":68,"column":40}},{"start":{"line":69,"column":8},"end":{"line":69,"column":51}}],"line":67},"7":{"loc":{"start":{"line":73,"column":4},"end":{"line":73,"column":32}},"type":"if","locations":[{"start":{"line":73,"column":4},"end":{"line":73,"column":32}},{"start":{},"end":{}}],"line":73},"8":{"loc":{"start":{"line":77,"column":11},"end":{"line":77,"column":45}},"type":"binary-expr","locations":[{"start":{"line":77,"column":11},"end":{"line":77,"column":27}},{"start":{"line":77,"column":31},"end":{"line":77,"column":45}}],"line":77},"9":{"loc":{"start":{"line":80,"column":2},"end":{"line":80,"column":29}},"type":"if","locations":[{"start":{"line":80,"column":2},"end":{"line":80,"column":29}},{"start":{},"end":{}}],"line":80},"10":{"loc":{"start":{"line":102,"column":50},"end":{"line":102,"column":91}},"type":"binary-expr","locations":[{"start":{"line":102,"column":50},"end":{"line":102,"column":68}},{"start":{"line":102,"column":72},"end":{"line":102,"column":91}}],"line":102},"11":{"loc":{"start":{"line":105,"column":15},"end":{"line":109,"column":15}},"type":"binary-expr","locations":[{"start":{"line":105,"column":15},"end":{"line":105,"column":33}},{"start":{"line":106,"column":16},"end":{"line":108,"column":23}}],"line":105},"12":{"loc":{"start":{"line":127,"column":19},"end":{"line":127,"column":78}},"type":"cond-expr","locations":[{"start":{"line":127,"column":66},"end":{"line":127,"column":70}},{"start":{"line":127,"column":73},"end":{"line":127,"column":78}}],"line":127},"13":{"loc":{"start":{"line":131,"column":21},"end":{"line":131,"column":104}},"type":"cond-expr","locations":[{"start":{"line":131,"column":68},"end":{"line":131,"column":83}},{"start":{"line":131,"column":86},"end":{"line":131,"column":104}}],"line":131},"14":{"loc":{"start":{"line":134,"column":21},"end":{"line":136,"column":59}},"type":"cond-expr","locations":[{"start":{"line":135,"column":24},"end":{"line":135,"column":60}},{"start":{"line":136,"column":24},"end":{"line":136,"column":59}}],"line":134},"15":{"loc":{"start":{"line":153,"column":15},"end":{"line":160,"column":15}},"type":"binary-expr","locations":[{"start":{"line":153,"column":15},"end":{"line":153,"column":45}},{"start":{"line":154,"column":16},"end":{"line":159,"column":23}}],"line":153},"16":{"loc":{"start":{"line":171,"column":13},"end":{"line":234,"column":13}},"type":"cond-expr","locations":[{"start":{"line":172,"column":14},"end":{"line":175,"column":21}},{"start":{"line":176,"column":16},"end":{"line":234,"column":13}}],"line":171},"17":{"loc":{"start":{"line":176,"column":16},"end":{"line":234,"column":13}},"type":"binary-expr","locations":[{"start":{"line":176,"column":16},"end":{"line":176,"column":31}},{"start":{"line":177,"column":14},"end":{"line":233,"column":21}}],"line":176},"18":{"loc":{"start":{"line":179,"column":19},"end":{"line":181,"column":44}},"type":"cond-expr","locations":[{"start":{"line":180,"column":22},"end":{"line":180,"column":76}},{"start":{"line":181,"column":22},"end":{"line":181,"column":44}}],"line":179},"19":{"loc":{"start":{"line":189,"column":17},"end":{"line":232,"column":17}},"type":"binary-expr","locations":[{"start":{"line":189,"column":17},"end":{"line":189,"column":79}},{"start":{"line":190,"column":17},"end":{"line":190,"column":52}},{"start":{"line":191,"column":18},"end":{"line":231,"column":25}}],"line":189},"20":{"loc":{"start":{"line":196,"column":25},"end":{"line":206,"column":25}},"type":"cond-expr","locations":[{"start":{"line":197,"column":26},"end":{"line":201,"column":28}},{"start":{"line":203,"column":26},"end":{"line":205,"column":33}}],"line":196},"21":{"loc":{"start":{"line":211,"column":27},"end":{"line":215,"column":27}},"type":"binary-expr","locations":[{"start":{"line":211,"column":27},"end":{"line":211,"column":46}},{"start":{"line":212,"column":28},"end":{"line":214,"column":35}}],"line":211},"22":{"loc":{"start":{"line":218,"column":29},"end":{"line":220,"column":29}},"type":"binary-expr","locations":[{"start":{"line":218,"column":29},"end":{"line":218,"column":42}},{"start":{"line":219,"column":30},"end":{"line":219,"column":98}}],"line":218},"23":{"loc":{"start":{"line":222,"column":27},"end":{"line":224,"column":27}},"type":"binary-expr","locations":[{"start":{"line":222,"column":27},"end":{"line":222,"column":49}},{"start":{"line":223,"column":28},"end":{"line":223,"column":104}}],"line":222},"24":{"loc":{"start":{"line":239,"column":13},"end":{"line":246,"column":13}},"type":"binary-expr","locations":[{"start":{"line":239,"column":13},"end":{"line":239,"column":30}},{"start":{"line":239,"column":34},"end":{"line":239,"column":49}},{"start":{"line":240,"column":14},"end":{"line":245,"column":33}}],"line":239}},"s":{"0":1,"1":1,"2":0,"3":0,"4":0,"5":0,"6":0,"7":0,"8":0,"9":0,"10":0,"11":0,"12":0,"13":0,"14":0,"15":0,"16":0,"17":0,"18":0,"19":0,"20":0,"21":0,"22":0,"23":0,"24":0,"25":0,"26":0,"27":0,"28":0,"29":0,"30":0,"31":0,"32":0,"33":0,"34":0,"35":0,"36":0,"37":1},"f":{"0":0,"1":0,"2":0,"3":0,"4":0,"5":0,"6":0},"b":{"0":[0,0],"1":[0,0],"2":[0,0],"3":[0,0],"4":[0,0],"5":[0,0],"6":[0,0],"7":[0,0],"8":[0,0],"9":[0,0],"10":[0,0],"11":[0,0],"12":[0,0],"13":[0,0],"14":[0,0],"15":[0,0],"16":[0,0],"17":[0,0],"18":[0,0],"19":[0,0,0],"20":[0,0],"21":[0,0],"22":[0,0],"23":[0,0],"24":[0,0,0]},"_coverageSchema":"1a1c01bbd47fc00a2c39e90264f33305004495a9","hash":"641402f420a15bd32711f102f76623456e436486"}
,"C:\\Users\\PC\\Desktop\\shopmind\\ShopMind\\ShopMind\\src\\components\\NotificationCard.tsx": {"path":"C:\\Users\\PC\\Desktop\\shopmind\\ShopMind\\ShopMind\\src\\components\\NotificationCard.tsx","statementMap":{"0":{"start":{"line":14,"column":58},"end":{"line":150,"column":1}},"1":{"start":{"line":20,"column":22},"end":{"line":37,"column":3}},"2":{"start":{"line":21,"column":4},"end":{"line":36,"column":5}},"3":{"start":{"line":23,"column":8},"end":{"line":23,"column":30}},"4":{"start":{"line":25,"column":8},"end":{"line":25,"column":33}},"5":{"start":{"line":27,"column":8},"end":{"line":27,"column":30}},"6":{"start":{"line":29,"column":8},"end":{"line":29,"column":34}},"7":{"start":{"line":31,"column":8},"end":{"line":31,"column":30}},"8":{"start":{"line":33,"column":8},"end":{"line":33,"column":31}},"9":{"start":{"line":35,"column":8},"end":{"line":35,"column":39}},"10":{"start":{"line":39,"column":23},"end":{"line":56,"column":3}},"11":{"start":{"line":40,"column":4},"end":{"line":55,"column":5}},"12":{"start":{"line":42,"column":8},"end":{"line":42,"column":25}},"13":{"start":{"line":44,"column":8},"end":{"line":44,"column":25}},"14":{"start":{"line":46,"column":8},"end":{"line":46,"column":25}},"15":{"start":{"line":48,"column":8},"end":{"line":48,"column":25}},"16":{"start":{"line":50,"column":8},"end":{"line":50,"column":25}},"17":{"start":{"line":52,"column":8},"end":{"line":52,"column":25}},"18":{"start":{"line":54,"column":8},"end":{"line":54,"column":25}},"19":{"start":{"line":58,"column":21},"end":{"line":76,"column":3}},"20":{"start":{"line":59,"column":4},"end":{"line":75,"column":5}},"21":{"start":{"line":60,"column":19},"end":{"line":60,"column":39}},"22":{"start":{"line":61,"column":18},"end":{"line":61,"column":28}},"23":{"start":{"line":62,"column":19},"end":{"line":62,"column":49}},"24":{"start":{"line":63,"column":22},"end":{"line":63,"column":52}},"25":{"start":{"line":64,"column":20},"end":{"line":64,"column":55}},"26":{"start":{"line":65,"column":19},"end":{"line":65,"column":59}},"27":{"start":{"line":67,"column":6},"end":{"line":67,"column":41}},"28":{"start":{"line":67,"column":23},"end":{"line":67,"column":41}},"29":{"start":{"line":68,"column":6},"end":{"line":68,"column":49}},"30":{"start":{"line":68,"column":24},"end":{"line":68,"column":49}},"31":{"start":{"line":69,"column":6},"end":{"line":69,"column":45}},"32":{"start":{"line":69,"column":22},"end":{"line":69,"column":45}},"33":{"start":{"line":70,"column":6},"end":{"line":70,"column":42}},"34":{"start":{"line":70,"column":20},"end":{"line":70,"column":42}},"35":{"start":{"line":72,"column":6},"end":{"line":72,"column":39}},"36":{"start":{"line":74,"column":6},"end":{"line":74,"column":28}},"37":{"start":{"line":78,"column":19},"end":{"line":78,"column":49}},"38":{"start":{"line":79,"column":20},"end":{"line":79,"column":51}},"39":{"start":{"line":81,"column":2},"end":{"line":149,"column":4}},"40":{"start":{"line":87,"column":21},"end":{"line":87,"column":44}},"41":{"start":{"line":132,"column":29},"end":{"line":132,"column":60}},"42":{"start":{"line":141,"column":27},"end":{"line":141,"column":54}},"43":{"start":{"line":152,"column":15},"end":{"line":236,"column":2}}},"fnMap":{"0":{"name":"(anonymous_0)","decl":{"start":{"line":14,"column":58},"end":{"line":14,"column":59}},"loc":{"start":{"line":19,"column":6},"end":{"line":150,"column":1}},"line":19},"1":{"name":"(anonymous_1)","decl":{"start":{"line":20,"column":22},"end":{"line":20,"column":23}},"loc":{"start":{"line":20,"column":40},"end":{"line":37,"column":3}},"line":20},"2":{"name":"(anonymous_2)","decl":{"start":{"line":39,"column":23},"end":{"line":39,"column":24}},"loc":{"start":{"line":39,"column":41},"end":{"line":56,"column":3}},"line":39},"3":{"name":"(anonymous_3)","decl":{"start":{"line":58,"column":21},"end":{"line":58,"column":22}},"loc":{"start":{"line":58,"column":45},"end":{"line":76,"column":3}},"line":58},"4":{"name":"(anonymous_4)","decl":{"start":{"line":87,"column":15},"end":{"line":87,"column":16}},"loc":{"start":{"line":87,"column":21},"end":{"line":87,"column":44}},"line":87},"5":{"name":"(anonymous_5)","decl":{"start":{"line":132,"column":23},"end":{"line":132,"column":24}},"loc":{"start":{"line":132,"column":29},"end":{"line":132,"column":60}},"line":132},"6":{"name":"(anonymous_6)","decl":{"start":{"line":141,"column":21},"end":{"line":141,"column":22}},"loc":{"start":{"line":141,"column":27},"end":{"line":141,"column":54}},"line":141}},"branchMap":{"0":{"loc":{"start":{"line":21,"column":4},"end":{"line":36,"column":5}},"type":"switch","locations":[{"start":{"line":22,"column":6},"end":{"line":23,"column":30}},{"start":{"line":24,"column":6},"end":{"line":25,"column":33}},{"start":{"line":26,"column":6},"end":{"line":27,"column":30}},{"start":{"line":28,"column":6},"end":{"line":29,"column":34}},{"start":{"line":30,"column":6},"end":{"line":31,"column":30}},{"start":{"line":32,"column":6},"end":{"line":33,"column":31}},{"start":{"line":34,"column":6},"end":{"line":35,"column":39}}],"line":21},"1":{"loc":{"start":{"line":40,"column":4},"end":{"line":55,"column":5}},"type":"switch","locations":[{"start":{"line":41,"column":6},"end":{"line":42,"column":25}},{"start":{"line":43,"column":6},"end":{"line":44,"column":25}},{"start":{"line":45,"column":6},"end":{"line":46,"column":25}},{"start":{"line":47,"column":6},"end":{"line":48,"column":25}},{"start":{"line":49,"column":6},"end":{"line":50,"column":25}},{"start":{"line":51,"column":6},"end":{"line":52,"column":25}},{"start":{"line":53,"column":6},"end":{"line":54,"column":25}}],"line":40},"2":{"loc":{"start":{"line":67,"column":6},"end":{"line":67,"column":41}},"type":"if","locations":[{"start":{"line":67,"column":6},"end":{"line":67,"column":41}},{"start":{},"end":{}}],"line":67},"3":{"loc":{"start":{"line":68,"column":6},"end":{"line":68,"column":49}},"type":"if","locations":[{"start":{"line":68,"column":6},"end":{"line":68,"column":49}},{"start":{},"end":{}}],"line":68},"4":{"loc":{"start":{"line":69,"column":6},"end":{"line":69,"column":45}},"type":"if","locations":[{"start":{"line":69,"column":6},"end":{"line":69,"column":45}},{"start":{},"end":{}}],"line":69},"5":{"loc":{"start":{"line":70,"column":6},"end":{"line":70,"column":42}},"type":"if","locations":[{"start":{"line":70,"column":6},"end":{"line":70,"column":42}},{"start":{},"end":{}}],"line":70},"6":{"loc":{"start":{"line":85,"column":8},"end":{"line":85,"column":54}},"type":"binary-expr","locations":[{"start":{"line":85,"column":8},"end":{"line":85,"column":28}},{"start":{"line":85,"column":32},"end":{"line":85,"column":54}}],"line":85},"7":{"loc":{"start":{"line":103,"column":11},"end":{"line":105,"column":11}},"type":"binary-expr","locations":[{"start":{"line":103,"column":11},"end":{"line":103,"column":31}},{"start":{"line":104,"column":12},"end":{"line":104,"column":79}}],"line":103},"8":{"loc":{"start":{"line":121,"column":12},"end":{"line":121,"column":56}},"type":"binary-expr","locations":[{"start":{"line":121,"column":12},"end":{"line":121,"column":32}},{"start":{"line":121,"column":36},"end":{"line":121,"column":56}}],"line":121},"9":{"loc":{"start":{"line":129,"column":11},"end":{"line":137,"column":11}},"type":"binary-expr","locations":[{"start":{"line":129,"column":11},"end":{"line":129,"column":31}},{"start":{"line":130,"column":12},"end":{"line":136,"column":31}}],"line":129}},"s":{"0":1,"1":0,"2":0,"3":0,"4":0,"5":0,"6":0,"7":0,"8":0,"9":0,"10":0,"11":0,"12":0,"13":0,"14":0,"15":0,"16":0,"17":0,"18":0,"19":0,"20":0,"21":0,"22":0,"23":0,"24":0,"25":0,"26":0,"27":0,"28":0,"29":0,"30":0,"31":0,"32":0,"33":0,"34":0,"35":0,"36":0,"37":0,"38":0,"39":0,"40":0,"41":0,"42":0,"43":1},"f":{"0":0,"1":0,"2":0,"3":0,"4":0,"5":0,"6":0},"b":{"0":[0,0,0,0,0,0,0],"1":[0,0,0,0,0,0,0],"2":[0,0],"3":[0,0],"4":[0,0],"5":[0,0],"6":[0,0],"7":[0,0],"8":[0,0],"9":[0,0]},"_coverageSchema":"1a1c01bbd47fc00a2c39e90264f33305004495a9","hash":"b2b4c9a1f2e728bd0e3a8141578b9d3a5e6a19b1"}
,"C:\\Users\\PC\\Desktop\\shopmind\\ShopMind\\ShopMind\\src\\components\\UserOrdersComponent.tsx": {"path":"C:\\Users\\PC\\Desktop\\shopmind\\ShopMind\\ShopMind\\src\\components\\UserOrdersComponent.tsx","statementMap":{"0":{"start":{"line":17,"column":18},"end":{"line":17,"column":42}},"1":{"start":{"line":24,"column":55},"end":{"line":302,"column":1}},"2":{"start":{"line":25,"column":30},"end":{"line":25,"column":51}},"3":{"start":{"line":26,"column":46},"end":{"line":26,"column":67}},"4":{"start":{"line":27,"column":32},"end":{"line":27,"column":46}},"5":{"start":{"line":28,"column":38},"end":{"line":28,"column":53}},"6":{"start":{"line":29,"column":40},"end":{"line":29,"column":55}},"7":{"start":{"line":30,"column":46},"end":{"line":30,"column":61}},"8":{"start":{"line":31,"column":52},"end":{"line":31,"column":79}},"9":{"start":{"line":32,"column":28},"end":{"line":32,"column":57}},"10":{"start":{"line":35,"column":40},"end":{"line":35,"column":51}},"11":{"start":{"line":36,"column":40},"end":{"line":36,"column":54}},"12":{"start":{"line":37,"column":40},"end":{"line":37,"column":51}},"13":{"start":{"line":38,"column":19},"end":{"line":38,"column":20}},"14":{"start":{"line":40,"column":2},"end":{"line":46,"column":15}},"15":{"start":{"line":42,"column":4},"end":{"line":42,"column":22}},"16":{"start":{"line":43,"column":4},"end":{"line":43,"column":25}},"17":{"start":{"line":44,"column":4},"end":{"line":44,"column":18}},"18":{"start":{"line":45,"column":4},"end":{"line":45,"column":22}},"19":{"start":{"line":48,"column":2},"end":{"line":50,"column":31}},"20":{"start":{"line":49,"column":4},"end":{"line":49,"column":19}},"21":{"start":{"line":52,"column":22},"end":{"line":96,"column":3}},"22":{"start":{"line":53,"column":4},"end":{"line":57,"column":5}},"23":{"start":{"line":54,"column":6},"end":{"line":54,"column":27}},"24":{"start":{"line":56,"column":6},"end":{"line":56,"column":23}},"25":{"start":{"line":59,"column":4},"end":{"line":95,"column":5}},"26":{"start":{"line":60,"column":6},"end":{"line":60,"column":21}},"27":{"start":{"line":61,"column":6},"end":{"line":61,"column":86}},"28":{"start":{"line":63,"column":21},"end":{"line":63,"column":97}},"29":{"start":{"line":65,"column":6},"end":{"line":85,"column":7}},"30":{"start":{"line":66,"column":8},"end":{"line":75,"column":9}},"31":{"start":{"line":68,"column":10},"end":{"line":68,"column":69}},"32":{"start":{"line":68,"column":34},"end":{"line":68,"column":67}},"33":{"start":{"line":71,"column":10},"end":{"line":71,"column":35}},"34":{"start":{"line":73,"column":27},"end":{"line":73,"column":76}},"35":{"start":{"line":74,"column":10},"end":{"line":74,"column":41}},"36":{"start":{"line":78,"column":8},"end":{"line":78,"column":54}},"37":{"start":{"line":79,"column":8},"end":{"line":79,"column":50}},"38":{"start":{"line":80,"column":8},"end":{"line":80,"column":56}},"39":{"start":{"line":82,"column":8},"end":{"line":82,"column":111}},"40":{"start":{"line":84,"column":8},"end":{"line":84,"column":33}},"41":{"start":{"line":87,"column":6},"end":{"line":87,"column":40}},"42":{"start":{"line":88,"column":6},"end":{"line":88,"column":53}},"43":{"start":{"line":90,"column":6},"end":{"line":94,"column":7}},"44":{"start":{"line":91,"column":8},"end":{"line":91,"column":30}},"45":{"start":{"line":93,"column":8},"end":{"line":93,"column":26}},"46":{"start":{"line":98,"column":20},"end":{"line":105,"column":3}},"47":{"start":{"line":99,"column":4},"end":{"line":99,"column":24}},"48":{"start":{"line":100,"column":4},"end":{"line":100,"column":22}},"49":{"start":{"line":101,"column":4},"end":{"line":101,"column":25}},"50":{"start":{"line":102,"column":4},"end":{"line":102,"column":18}},"51":{"start":{"line":103,"column":4},"end":{"line":103,"column":38}},"52":{"start":{"line":104,"column":4},"end":{"line":104,"column":25}},"53":{"start":{"line":107,"column":25},"end":{"line":113,"column":3}},"54":{"start":{"line":108,"column":4},"end":{"line":112,"column":5}},"55":{"start":{"line":109,"column":23},"end":{"line":109,"column":38}},"56":{"start":{"line":110,"column":6},"end":{"line":110,"column":75}},"57":{"start":{"line":111,"column":6},"end":{"line":111,"column":41}},"58":{"start":{"line":115,"column":22},"end":{"line":120,"column":3}},"59":{"start":{"line":116,"column":4},"end":{"line":116,"column":22}},"60":{"start":{"line":117,"column":4},"end":{"line":117,"column":25}},"61":{"start":{"line":118,"column":4},"end":{"line":118,"column":18}},"62":{"start":{"line":119,"column":4},"end":{"line":119,"column":32}},"63":{"start":{"line":122,"column":23},"end":{"line":125,"column":3}},"64":{"start":{"line":123,"column":21},"end":{"line":123,"column":82}},"65":{"start":{"line":124,"column":4},"end":{"line":124,"column":32}},"66":{"start":{"line":127,"column":26},"end":{"line":195,"column":3}},"67":{"start":{"line":128,"column":4},"end":{"line":194,"column":23}},"68":{"start":{"line":159,"column":10},"end":{"line":179,"column":17}},"69":{"start":{"line":197,"column":29},"end":{"line":212,"column":3}},"70":{"start":{"line":198,"column":4},"end":{"line":211,"column":23}},"71":{"start":{"line":203,"column":21},"end":{"line":203,"column":44}},"72":{"start":{"line":214,"column":27},"end":{"line":225,"column":3}},"73":{"start":{"line":215,"column":4},"end":{"line":224,"column":11}},"74":{"start":{"line":227,"column":23},"end":{"line":236,"column":3}},"75":{"start":{"line":228,"column":4},"end":{"line":228,"column":34}},"76":{"start":{"line":228,"column":22},"end":{"line":228,"column":34}},"77":{"start":{"line":230,"column":4},"end":{"line":235,"column":6}},"78":{"start":{"line":238,"column":2},"end":{"line":245,"column":3}},"79":{"start":{"line":239,"column":4},"end":{"line":244,"column":6}},"80":{"start":{"line":247,"column":2},"end":{"line":258,"column":3}},"81":{"start":{"line":248,"column":4},"end":{"line":257,"column":6}},"82":{"start":{"line":260,"column":2},"end":{"line":301,"column":4}},"83":{"start":{"line":277,"column":32},"end":{"line":277,"column":36}},"84":{"start":{"line":288,"column":32},"end":{"line":288,"column":55}},"85":{"start":{"line":304,"column":15},"end":{"line":560,"column":2}}},"fnMap":{"0":{"name":"(anonymous_0)","decl":{"start":{"line":24,"column":55},"end":{"line":24,"column":56}},"loc":{"start":{"line":24,"column":78},"end":{"line":302,"column":1}},"line":24},"1":{"name":"(anonymous_1)","decl":{"start":{"line":40,"column":12},"end":{"line":40,"column":13}},"loc":{"start":{"line":40,"column":18},"end":{"line":46,"column":3}},"line":40},"2":{"name":"(anonymous_2)","decl":{"start":{"line":48,"column":12},"end":{"line":48,"column":13}},"loc":{"start":{"line":48,"column":18},"end":{"line":50,"column":3}},"line":48},"3":{"name":"(anonymous_3)","decl":{"start":{"line":52,"column":22},"end":{"line":52,"column":23}},"loc":{"start":{"line":52,"column":110},"end":{"line":96,"column":3}},"line":52},"4":{"name":"(anonymous_4)","decl":{"start":{"line":68,"column":20},"end":{"line":68,"column":21}},"loc":{"start":{"line":68,"column":34},"end":{"line":68,"column":67}},"line":68},"5":{"name":"(anonymous_5)","decl":{"start":{"line":98,"column":20},"end":{"line":98,"column":21}},"loc":{"start":{"line":98,"column":32},"end":{"line":105,"column":3}},"line":98},"6":{"name":"(anonymous_6)","decl":{"start":{"line":107,"column":25},"end":{"line":107,"column":26}},"loc":{"start":{"line":107,"column":31},"end":{"line":113,"column":3}},"line":107},"7":{"name":"(anonymous_7)","decl":{"start":{"line":115,"column":22},"end":{"line":115,"column":23}},"loc":{"start":{"line":115,"column":28},"end":{"line":120,"column":3}},"line":115},"8":{"name":"(anonymous_8)","decl":{"start":{"line":122,"column":23},"end":{"line":122,"column":24}},"loc":{"start":{"line":122,"column":29},"end":{"line":125,"column":3}},"line":122},"9":{"name":"(anonymous_9)","decl":{"start":{"line":127,"column":26},"end":{"line":127,"column":27}},"loc":{"start":{"line":128,"column":4},"end":{"line":194,"column":23}},"line":128},"10":{"name":"(anonymous_10)","decl":{"start":{"line":158,"column":41},"end":{"line":158,"column":42}},"loc":{"start":{"line":159,"column":10},"end":{"line":179,"column":17}},"line":159},"11":{"name":"(anonymous_11)","decl":{"start":{"line":197,"column":29},"end":{"line":197,"column":30}},"loc":{"start":{"line":198,"column":4},"end":{"line":211,"column":23}},"line":198},"12":{"name":"(anonymous_12)","decl":{"start":{"line":203,"column":15},"end":{"line":203,"column":16}},"loc":{"start":{"line":203,"column":21},"end":{"line":203,"column":44}},"line":203},"13":{"name":"(anonymous_13)","decl":{"start":{"line":214,"column":27},"end":{"line":214,"column":28}},"loc":{"start":{"line":215,"column":4},"end":{"line":224,"column":11}},"line":215},"14":{"name":"(anonymous_14)","decl":{"start":{"line":227,"column":23},"end":{"line":227,"column":24}},"loc":{"start":{"line":227,"column":29},"end":{"line":236,"column":3}},"line":227},"15":{"name":"(anonymous_15)","decl":{"start":{"line":277,"column":22},"end":{"line":277,"column":23}},"loc":{"start":{"line":277,"column":32},"end":{"line":277,"column":36}},"line":277},"16":{"name":"(anonymous_16)","decl":{"start":{"line":288,"column":22},"end":{"line":288,"column":23}},"loc":{"start":{"line":288,"column":32},"end":{"line":288,"column":55}},"line":288}},"branchMap":{"0":{"loc":{"start":{"line":52,"column":29},"end":{"line":52,"column":58}},"type":"default-arg","locations":[{"start":{"line":52,"column":53},"end":{"line":52,"column":58}}],"line":52},"1":{"loc":{"start":{"line":52,"column":60},"end":{"line":52,"column":76}},"type":"default-arg","locations":[{"start":{"line":52,"column":75},"end":{"line":52,"column":76}}],"line":52},"2":{"loc":{"start":{"line":52,"column":78},"end":{"line":52,"column":105}},"type":"default-arg","locations":[{"start":{"line":52,"column":100},"end":{"line":52,"column":105}}],"line":52},"3":{"loc":{"start":{"line":53,"column":4},"end":{"line":57,"column":5}},"type":"if","locations":[{"start":{"line":53,"column":4},"end":{"line":57,"column":5}},{"start":{"line":55,"column":11},"end":{"line":57,"column":5}}],"line":53},"4":{"loc":{"start":{"line":65,"column":6},"end":{"line":85,"column":7}},"type":"if","locations":[{"start":{"line":65,"column":6},"end":{"line":85,"column":7}},{"start":{"line":83,"column":13},"end":{"line":85,"column":7}}],"line":65},"5":{"loc":{"start":{"line":66,"column":8},"end":{"line":75,"column":9}},"type":"if","locations":[{"start":{"line":66,"column":8},"end":{"line":75,"column":9}},{"start":{"line":69,"column":15},"end":{"line":75,"column":9}}],"line":66},"6":{"loc":{"start":{"line":90,"column":6},"end":{"line":94,"column":7}},"type":"if","locations":[{"start":{"line":90,"column":6},"end":{"line":94,"column":7}},{"start":{"line":92,"column":13},"end":{"line":94,"column":7}}],"line":90},"7":{"loc":{"start":{"line":108,"column":4},"end":{"line":112,"column":5}},"type":"if","locations":[{"start":{"line":108,"column":4},"end":{"line":112,"column":5}},{"start":{},"end":{}}],"line":108},"8":{"loc":{"start":{"line":108,"column":8},"end":{"line":108,"column":47}},"type":"binary-expr","locations":[{"start":{"line":108,"column":8},"end":{"line":108,"column":20}},{"start":{"line":108,"column":24},"end":{"line":108,"column":35}},{"start":{"line":108,"column":39},"end":{"line":108,"column":47}}],"line":108},"9":{"loc":{"start":{"line":152,"column":36},"end":{"line":152,"column":83}},"type":"cond-expr","locations":[{"start":{"line":152,"column":67},"end":{"line":152,"column":73}},{"start":{"line":152,"column":76},"end":{"line":152,"column":83}}],"line":152},"10":{"loc":{"start":{"line":160,"column":13},"end":{"line":170,"column":13}},"type":"cond-expr","locations":[{"start":{"line":161,"column":14},"end":{"line":165,"column":16}},{"start":{"line":167,"column":14},"end":{"line":169,"column":21}}],"line":160},"11":{"loc":{"start":{"line":181,"column":9},"end":{"line":185,"column":9}},"type":"binary-expr","locations":[{"start":{"line":181,"column":9},"end":{"line":181,"column":35}},{"start":{"line":182,"column":10},"end":{"line":184,"column":17}}],"line":181},"12":{"loc":{"start":{"line":201,"column":8},"end":{"line":201,"column":60}},"type":"binary-expr","locations":[{"start":{"line":201,"column":8},"end":{"line":201,"column":31}},{"start":{"line":201,"column":35},"end":{"line":201,"column":60}}],"line":201},"13":{"loc":{"start":{"line":207,"column":8},"end":{"line":207,"column":64}},"type":"binary-expr","locations":[{"start":{"line":207,"column":8},"end":{"line":207,"column":31}},{"start":{"line":207,"column":35},"end":{"line":207,"column":64}}],"line":207},"14":{"loc":{"start":{"line":219,"column":9},"end":{"line":221,"column":55}},"type":"cond-expr","locations":[{"start":{"line":220,"column":12},"end":{"line":220,"column":47}},{"start":{"line":221,"column":12},"end":{"line":221,"column":55}}],"line":219},"15":{"loc":{"start":{"line":228,"column":4},"end":{"line":228,"column":34}},"type":"if","locations":[{"start":{"line":228,"column":4},"end":{"line":228,"column":34}},{"start":{},"end":{}}],"line":228},"16":{"loc":{"start":{"line":238,"column":2},"end":{"line":245,"column":3}},"type":"if","locations":[{"start":{"line":238,"column":2},"end":{"line":245,"column":3}},{"start":{},"end":{}}],"line":238},"17":{"loc":{"start":{"line":247,"column":2},"end":{"line":258,"column":3}},"type":"if","locations":[{"start":{"line":247,"column":2},"end":{"line":258,"column":3}},{"start":{},"end":{}}],"line":247},"18":{"loc":{"start":{"line":266,"column":38},"end":{"line":266,"column":83}},"type":"cond-expr","locations":[{"start":{"line":266,"column":56},"end":{"line":266,"column":67}},{"start":{"line":266,"column":70},"end":{"line":266,"column":83}}],"line":266},"19":{"loc":{"start":{"line":267,"column":11},"end":{"line":269,"column":11}},"type":"binary-expr","locations":[{"start":{"line":267,"column":11},"end":{"line":267,"column":22}},{"start":{"line":268,"column":12},"end":{"line":268,"column":71}}],"line":267},"20":{"loc":{"start":{"line":297,"column":31},"end":{"line":297,"column":104}},"type":"cond-expr","locations":[{"start":{"line":297,"column":61},"end":{"line":297,"column":77}},{"start":{"line":297,"column":80},"end":{"line":297,"column":104}}],"line":297}},"s":{"0":1,"1":1,"2":0,"3":0,"4":0,"5":0,"6":0,"7":0,"8":0,"9":0,"10":0,"11":0,"12":0,"13":0,"14":0,"15":0,"16":0,"17":0,"18":0,"19":0,"20":0,"21":0,"22":0,"23":0,"24":0,"25":0,"26":0,"27":0,"28":0,"29":0,"30":0,"31":0,"32":0,"33":0,"34":0,"35":0,"36":0,"37":0,"38":0,"39":0,"40":0,"41":0,"42":0,"43":0,"44":0,"45":0,"46":0,"47":0,"48":0,"49":0,"50":0,"51":0,"52":0,"53":0,"54":0,"55":0,"56":0,"57":0,"58":0,"59":0,"60":0,"61":0,"62":0,"63":0,"64":0,"65":0,"66":0,"67":0,"68":0,"69":0,"70":0,"71":0,"72":0,"73":0,"74":0,"75":0,"76":0,"77":0,"78":0,"79":0,"80":0,"81":0,"82":0,"83":0,"84":0,"85":1},"f":{"0":0,"1":0,"2":0,"3":0,"4":0,"5":0,"6":0,"7":0,"8":0,"9":0,"10":0,"11":0,"12":0,"13":0,"14":0,"15":0,"16":0},"b":{"0":[0],"1":[0],"2":[0],"3":[0,0],"4":[0,0],"5":[0,0],"6":[0,0],"7":[0,0],"8":[0,0,0],"9":[0,0],"10":[0,0],"11":[0,0],"12":[0,0],"13":[0,0],"14":[0,0],"15":[0,0],"16":[0,0],"17":[0,0],"18":[0,0],"19":[0,0],"20":[0,0]},"_coverageSchema":"1a1c01bbd47fc00a2c39e90264f33305004495a9","hash":"14b1f3e436f640407d1dba763afcd6929dfb84d1"}
,"C:\\Users\\PC\\Desktop\\shopmind\\ShopMind\\ShopMind\\src\\config\\apiConfig.ts": {"path":"C:\\Users\\PC\\Desktop\\shopmind\\ShopMind\\ShopMind\\src\\config\\apiConfig.ts","statementMap":{"0":{"start":{"line":3,"column":26},"end":{"line":46,"column":1}},"1":{"start":{"line":49,"column":0},"end":{"line":51,"column":1}},"2":{"start":{"line":50,"column":2},"end":{"line":50,"column":100}},"3":{"start":{"line":52,"column":0},"end":{"line":54,"column":1}},"4":{"start":{"line":53,"column":2},"end":{"line":53,"column":102}},"5":{"start":{"line":55,"column":0},"end":{"line":57,"column":1}},"6":{"start":{"line":56,"column":2},"end":{"line":56,"column":106}},"7":{"start":{"line":58,"column":0},"end":{"line":60,"column":1}},"8":{"start":{"line":59,"column":2},"end":{"line":59,"column":110}},"9":{"start":{"line":61,"column":0},"end":{"line":64,"column":1}},"10":{"start":{"line":62,"column":2},"end":{"line":62,"column":116}},"11":{"start":{"line":63,"column":2},"end":{"line":63,"column":117}},"12":{"start":{"line":65,"column":0},"end":{"line":65,"column":114}},"13":{"start":{"line":66,"column":0},"end":{"line":68,"column":1}},"14":{"start":{"line":67,"column":2},"end":{"line":67,"column":104}},"15":{"start":{"line":71,"column":29},"end":{"line":74,"column":1}},"16":{"start":{"line":77,"column":28},"end":{"line":77,"column":60}},"17":{"start":{"line":78,"column":29},"end":{"line":78,"column":62}},"18":{"start":{"line":79,"column":31},"end":{"line":79,"column":66}},"19":{"start":{"line":80,"column":33},"end":{"line":80,"column":70}},"20":{"start":{"line":81,"column":36},"end":{"line":81,"column":76}},"21":{"start":{"line":82,"column":29},"end":{"line":82,"column":67}},"22":{"start":{"line":83,"column":36},"end":{"line":83,"column":76}},"23":{"start":{"line":84,"column":30},"end":{"line":84,"column":64}},"24":{"start":{"line":87,"column":31},"end":{"line":87,"column":64}},"25":{"start":{"line":88,"column":33},"end":{"line":91,"column":1}},"26":{"start":{"line":94,"column":37},"end":{"line":97,"column":1}},"27":{"start":{"line":100,"column":42},"end":{"line":105,"column":1}},"28":{"start":{"line":102,"column":33},"end":{"line":102,"column":76}},"29":{"start":{"line":104,"column":4},"end":{"line":104,"column":73}},"30":{"start":{"line":108,"column":38},"end":{"line":110,"column":1}},"31":{"start":{"line":113,"column":32},"end":{"line":113,"column":65}},"32":{"start":{"line":114,"column":34},"end":{"line":121,"column":1}},"33":{"start":{"line":118,"column":31},"end":{"line":118,"column":84}},"34":{"start":{"line":119,"column":31},"end":{"line":119,"column":84}},"35":{"start":{"line":120,"column":39},"end":{"line":120,"column":103}},"36":{"start":{"line":144,"column":39},"end":{"line":152,"column":1}},"37":{"start":{"line":150,"column":24},"end":{"line":150,"column":43}},"38":{"start":{"line":151,"column":2},"end":{"line":151,"column":81}}},"fnMap":{"0":{"name":"(anonymous_0)","decl":{"start":{"line":102,"column":13},"end":{"line":102,"column":14}},"loc":{"start":{"line":102,"column":33},"end":{"line":102,"column":76}},"line":102},"1":{"name":"(anonymous_1)","decl":{"start":{"line":103,"column":19},"end":{"line":103,"column":20}},"loc":{"start":{"line":104,"column":4},"end":{"line":104,"column":73}},"line":104},"2":{"name":"(anonymous_2)","decl":{"start":{"line":118,"column":11},"end":{"line":118,"column":12}},"loc":{"start":{"line":118,"column":31},"end":{"line":118,"column":84}},"line":118},"3":{"name":"(anonymous_3)","decl":{"start":{"line":119,"column":11},"end":{"line":119,"column":12}},"loc":{"start":{"line":119,"column":31},"end":{"line":119,"column":84}},"line":119},"4":{"name":"(anonymous_4)","decl":{"start":{"line":120,"column":15},"end":{"line":120,"column":16}},"loc":{"start":{"line":120,"column":39},"end":{"line":120,"column":103}},"line":120},"5":{"name":"(anonymous_5)","decl":{"start":{"line":144,"column":39},"end":{"line":144,"column":40}},"loc":{"start":{"line":148,"column":13},"end":{"line":152,"column":1}},"line":148}},"branchMap":{"0":{"loc":{"start":{"line":49,"column":0},"end":{"line":51,"column":1}},"type":"if","locations":[{"start":{"line":49,"column":0},"end":{"line":51,"column":1}},{"start":{},"end":{}}],"line":49},"1":{"loc":{"start":{"line":52,"column":0},"end":{"line":54,"column":1}},"type":"if","locations":[{"start":{"line":52,"column":0},"end":{"line":54,"column":1}},{"start":{},"end":{}}],"line":52},"2":{"loc":{"start":{"line":55,"column":0},"end":{"line":57,"column":1}},"type":"if","locations":[{"start":{"line":55,"column":0},"end":{"line":57,"column":1}},{"start":{},"end":{}}],"line":55},"3":{"loc":{"start":{"line":58,"column":0},"end":{"line":60,"column":1}},"type":"if","locations":[{"start":{"line":58,"column":0},"end":{"line":60,"column":1}},{"start":{},"end":{}}],"line":58},"4":{"loc":{"start":{"line":61,"column":0},"end":{"line":64,"column":1}},"type":"if","locations":[{"start":{"line":61,"column":0},"end":{"line":64,"column":1}},{"start":{},"end":{}}],"line":61},"5":{"loc":{"start":{"line":66,"column":0},"end":{"line":68,"column":1}},"type":"if","locations":[{"start":{"line":66,"column":0},"end":{"line":68,"column":1}},{"start":{},"end":{}}],"line":66},"6":{"loc":{"start":{"line":103,"column":36},"end":{"line":103,"column":52}},"type":"default-arg","locations":[{"start":{"line":103,"column":51},"end":{"line":103,"column":52}}],"line":103},"7":{"loc":{"start":{"line":103,"column":54},"end":{"line":103,"column":71}},"type":"default-arg","locations":[{"start":{"line":103,"column":69},"end":{"line":103,"column":71}}],"line":103},"8":{"loc":{"start":{"line":146,"column":2},"end":{"line":146,"column":18}},"type":"default-arg","locations":[{"start":{"line":146,"column":17},"end":{"line":146,"column":18}}],"line":146},"9":{"loc":{"start":{"line":147,"column":2},"end":{"line":147,"column":19}},"type":"default-arg","locations":[{"start":{"line":147,"column":17},"end":{"line":147,"column":19}}],"line":147}},"s":{"0":3,"1":3,"2":0,"3":3,"4":0,"5":3,"6":0,"7":3,"8":0,"9":3,"10":0,"11":0,"12":3,"13":3,"14":0,"15":3,"16":3,"17":3,"18":3,"19":3,"20":3,"21":3,"22":3,"23":3,"24":3,"25":3,"26":3,"27":3,"28":0,"29":0,"30":3,"31":3,"32":3,"33":0,"34":0,"35":0,"36":3,"37":0,"38":0},"f":{"0":0,"1":0,"2":0,"3":0,"4":0,"5":0},"b":{"0":[0,3],"1":[0,3],"2":[0,3],"3":[0,3],"4":[0,3],"5":[0,3],"6":[0],"7":[0],"8":[0],"9":[0]},"_coverageSchema":"1a1c01bbd47fc00a2c39e90264f33305004495a9","hash":"3e0cced64cc9401b2d021d0bb5fe5d9098a5b6b2"}
,"C:\\Users\\PC\\Desktop\\shopmind\\ShopMind\\ShopMind\\src\\hooks\\useAppStateNotifications.ts": {"path":"C:\\Users\\PC\\Desktop\\shopmind\\ShopMind\\ShopMind\\src\\hooks\\useAppStateNotifications.ts","statementMap":{"0":{"start":{"line":11,"column":40},"end":{"line":152,"column":1}},"1":{"start":{"line":15,"column":34},"end":{"line":15,"column":81}},"2":{"start":{"line":16,"column":64},"end":{"line":16,"column":79}},"3":{"start":{"line":17,"column":25},"end":{"line":17,"column":49}},"4":{"start":{"line":18,"column":25},"end":{"line":18,"column":60}},"5":{"start":{"line":21,"column":2},"end":{"line":33,"column":9}},"6":{"start":{"line":22,"column":36},"end":{"line":30,"column":5}},"7":{"start":{"line":23,"column":6},"end":{"line":29,"column":7}},"8":{"start":{"line":24,"column":31},"end":{"line":24,"column":74}},"9":{"start":{"line":25,"column":8},"end":{"line":25,"column":51}},"10":{"start":{"line":26,"column":8},"end":{"line":26,"column":76}},"11":{"start":{"line":28,"column":8},"end":{"line":28,"column":70}},"12":{"start":{"line":32,"column":4},"end":{"line":32,"column":30}},"13":{"start":{"line":36,"column":2},"end":{"line":56,"column":25}},"14":{"start":{"line":37,"column":33},"end":{"line":52,"column":5}},"15":{"start":{"line":38,"column":6},"end":{"line":38,"column":73}},"16":{"start":{"line":40,"column":6},"end":{"line":49,"column":7}},"17":{"start":{"line":42,"column":8},"end":{"line":42,"column":87}},"18":{"start":{"line":43,"column":8},"end":{"line":43,"column":44}},"19":{"start":{"line":44,"column":13},"end":{"line":49,"column":7}},"20":{"start":{"line":46,"column":8},"end":{"line":46,"column":67}},"21":{"start":{"line":47,"column":8},"end":{"line":47,"column":44}},"22":{"start":{"line":48,"column":8},"end":{"line":48,"column":89}},"23":{"start":{"line":51,"column":6},"end":{"line":51,"column":32}},"24":{"start":{"line":54,"column":25},"end":{"line":54,"column":82}},"25":{"start":{"line":55,"column":4},"end":{"line":55,"column":40}},"26":{"start":{"line":55,"column":17},"end":{"line":55,"column":39}},"27":{"start":{"line":59,"column":38},"end":{"line":107,"column":3}},"28":{"start":{"line":60,"column":4},"end":{"line":106,"column":5}},"29":{"start":{"line":62,"column":30},"end":{"line":62,"column":72}},"30":{"start":{"line":63,"column":28},"end":{"line":65,"column":47}},"31":{"start":{"line":67,"column":6},"end":{"line":67,"column":56}},"32":{"start":{"line":68,"column":6},"end":{"line":68,"column":50}},"33":{"start":{"line":71,"column":23},"end":{"line":71,"column":59}},"34":{"start":{"line":72,"column":6},"end":{"line":75,"column":7}},"35":{"start":{"line":73,"column":8},"end":{"line":73,"column":69}},"36":{"start":{"line":74,"column":8},"end":{"line":74,"column":15}},"37":{"start":{"line":78,"column":34},"end":{"line":81,"column":7}},"38":{"start":{"line":83,"column":6},"end":{"line":100,"column":7}},"39":{"start":{"line":84,"column":8},"end":{"line":84,"column":83}},"40":{"start":{"line":87,"column":8},"end":{"line":87,"column":81}},"41":{"start":{"line":90,"column":8},"end":{"line":90,"column":53}},"42":{"start":{"line":93,"column":8},"end":{"line":99,"column":9}},"43":{"start":{"line":94,"column":10},"end":{"line":98,"column":12}},"44":{"start":{"line":103,"column":6},"end":{"line":103,"column":75}},"45":{"start":{"line":105,"column":6},"end":{"line":105,"column":73}},"46":{"start":{"line":110,"column":28},"end":{"line":112,"column":3}},"47":{"start":{"line":111,"column":4},"end":{"line":111,"column":41}},"48":{"start":{"line":115,"column":32},"end":{"line":122,"column":3}},"49":{"start":{"line":116,"column":4},"end":{"line":121,"column":5}},"50":{"start":{"line":117,"column":6},"end":{"line":117,"column":61}},"51":{"start":{"line":118,"column":6},"end":{"line":118,"column":51}},"52":{"start":{"line":120,"column":6},"end":{"line":120,"column":62}},"53":{"start":{"line":125,"column":32},"end":{"line":141,"column":3}},"54":{"start":{"line":126,"column":4},"end":{"line":140,"column":5}},"55":{"start":{"line":127,"column":6},"end":{"line":136,"column":8}},"56":{"start":{"line":137,"column":6},"end":{"line":137,"column":47}},"57":{"start":{"line":139,"column":6},"end":{"line":139,"column":58}},"58":{"start":{"line":143,"column":2},"end":{"line":151,"column":4}}},"fnMap":{"0":{"name":"(anonymous_0)","decl":{"start":{"line":11,"column":40},"end":{"line":11,"column":41}},"loc":{"start":{"line":14,"column":37},"end":{"line":152,"column":1}},"line":14},"1":{"name":"(anonymous_1)","decl":{"start":{"line":21,"column":12},"end":{"line":21,"column":13}},"loc":{"start":{"line":21,"column":18},"end":{"line":33,"column":3}},"line":21},"2":{"name":"(anonymous_2)","decl":{"start":{"line":22,"column":36},"end":{"line":22,"column":37}},"loc":{"start":{"line":22,"column":48},"end":{"line":30,"column":5}},"line":22},"3":{"name":"(anonymous_3)","decl":{"start":{"line":36,"column":12},"end":{"line":36,"column":13}},"loc":{"start":{"line":36,"column":18},"end":{"line":56,"column":3}},"line":36},"4":{"name":"(anonymous_4)","decl":{"start":{"line":37,"column":33},"end":{"line":37,"column":34}},"loc":{"start":{"line":37,"column":73},"end":{"line":52,"column":5}},"line":37},"5":{"name":"(anonymous_5)","decl":{"start":{"line":55,"column":11},"end":{"line":55,"column":12}},"loc":{"start":{"line":55,"column":17},"end":{"line":55,"column":39}},"line":55},"6":{"name":"(anonymous_6)","decl":{"start":{"line":59,"column":38},"end":{"line":59,"column":39}},"loc":{"start":{"line":59,"column":50},"end":{"line":107,"column":3}},"line":59},"7":{"name":"(anonymous_7)","decl":{"start":{"line":110,"column":28},"end":{"line":110,"column":29}},"loc":{"start":{"line":110,"column":34},"end":{"line":112,"column":3}},"line":110},"8":{"name":"(anonymous_8)","decl":{"start":{"line":115,"column":32},"end":{"line":115,"column":33}},"loc":{"start":{"line":115,"column":44},"end":{"line":122,"column":3}},"line":115},"9":{"name":"(anonymous_9)","decl":{"start":{"line":125,"column":32},"end":{"line":125,"column":33}},"loc":{"start":{"line":125,"column":44},"end":{"line":141,"column":3}},"line":125}},"branchMap":{"0":{"loc":{"start":{"line":40,"column":6},"end":{"line":49,"column":7}},"type":"if","locations":[{"start":{"line":40,"column":6},"end":{"line":49,"column":7}},{"start":{"line":44,"column":13},"end":{"line":49,"column":7}}],"line":40},"1":{"loc":{"start":{"line":40,"column":10},"end":{"line":40,"column":76}},"type":"binary-expr","locations":[{"start":{"line":40,"column":10},"end":{"line":40,"column":47}},{"start":{"line":40,"column":51},"end":{"line":40,"column":76}}],"line":40},"2":{"loc":{"start":{"line":44,"column":13},"end":{"line":49,"column":7}},"type":"if","locations":[{"start":{"line":44,"column":13},"end":{"line":49,"column":7}},{"start":{},"end":{}}],"line":44},"3":{"loc":{"start":{"line":63,"column":28},"end":{"line":65,"column":47}},"type":"cond-expr","locations":[{"start":{"line":64,"column":10},"end":{"line":64,"column":35}},{"start":{"line":65,"column":10},"end":{"line":65,"column":47}}],"line":63},"4":{"loc":{"start":{"line":72,"column":6},"end":{"line":75,"column":7}},"type":"if","locations":[{"start":{"line":72,"column":6},"end":{"line":75,"column":7}},{"start":{},"end":{}}],"line":72},"5":{"loc":{"start":{"line":83,"column":6},"end":{"line":100,"column":7}},"type":"if","locations":[{"start":{"line":83,"column":6},"end":{"line":100,"column":7}},{"start":{},"end":{}}],"line":83},"6":{"loc":{"start":{"line":93,"column":8},"end":{"line":99,"column":9}},"type":"if","locations":[{"start":{"line":93,"column":8},"end":{"line":99,"column":9}},{"start":{},"end":{}}],"line":93}},"s":{"0":1,"1":0,"2":0,"3":0,"4":0,"5":0,"6":0,"7":0,"8":0,"9":0,"10":0,"11":0,"12":0,"13":0,"14":0,"15":0,"16":0,"17":0,"18":0,"19":0,"20":0,"21":0,"22":0,"23":0,"24":0,"25":0,"26":0,"27":0,"28":0,"29":0,"30":0,"31":0,"32":0,"33":0,"34":0,"35":0,"36":0,"37":0,"38":0,"39":0,"40":0,"41":0,"42":0,"43":0,"44":0,"45":0,"46":0,"47":0,"48":0,"49":0,"50":0,"51":0,"52":0,"53":0,"54":0,"55":0,"56":0,"57":0,"58":0},"f":{"0":0,"1":0,"2":0,"3":0,"4":0,"5":0,"6":0,"7":0,"8":0,"9":0},"b":{"0":[0,0],"1":[0,0],"2":[0,0],"3":[0,0],"4":[0,0],"5":[0,0],"6":[0,0]},"_coverageSchema":"1a1c01bbd47fc00a2c39e90264f33305004495a9","hash":"6660c4237c2ba9ba983f83928141df656f8822d7"}
,"C:\\Users\\PC\\Desktop\\shopmind\\ShopMind\\ShopMind\\src\\hooks\\useNotifications.ts": {"path":"C:\\Users\\PC\\Desktop\\shopmind\\ShopMind\\ShopMind\\src\\hooks\\useNotifications.ts","statementMap":{"0":{"start":{"line":19,"column":32},"end":{"line":242,"column":1}},"1":{"start":{"line":20,"column":44},"end":{"line":20,"column":72}},"2":{"start":{"line":21,"column":36},"end":{"line":21,"column":51}},"3":{"start":{"line":22,"column":36},"end":{"line":22,"column":51}},"4":{"start":{"line":23,"column":21},"end":{"line":23,"column":61}},"5":{"start":{"line":26,"column":22},"end":{"line":26,"column":65}},"6":{"start":{"line":26,"column":48},"end":{"line":26,"column":57}},"7":{"start":{"line":29,"column":28},"end":{"line":56,"column":3}},"8":{"start":{"line":30,"column":4},"end":{"line":30,"column":24}},"9":{"start":{"line":30,"column":17},"end":{"line":30,"column":24}},"10":{"start":{"line":32,"column":4},"end":{"line":32,"column":23}},"11":{"start":{"line":33,"column":4},"end":{"line":55,"column":5}},"12":{"start":{"line":34,"column":36},"end":{"line":34,"column":97}},"13":{"start":{"line":37,"column":6},"end":{"line":50,"column":9}},"14":{"start":{"line":38,"column":28},"end":{"line":38,"column":47}},"15":{"start":{"line":38,"column":42},"end":{"line":38,"column":46}},"16":{"start":{"line":39,"column":33},"end":{"line":39,"column":95}},"17":{"start":{"line":39,"column":67},"end":{"line":39,"column":94}},"18":{"start":{"line":41,"column":23},"end":{"line":41,"column":53}},"19":{"start":{"line":44,"column":23},"end":{"line":46,"column":9}},"20":{"start":{"line":45,"column":10},"end":{"line":45,"column":75}},"21":{"start":{"line":48,"column":8},"end":{"line":48,"column":137}},"22":{"start":{"line":49,"column":8},"end":{"line":49,"column":22}},"23":{"start":{"line":52,"column":6},"end":{"line":52,"column":60}},"24":{"start":{"line":54,"column":6},"end":{"line":54,"column":26}},"25":{"start":{"line":59,"column":26},"end":{"line":85,"column":3}},"26":{"start":{"line":60,"column":4},"end":{"line":60,"column":66}},"27":{"start":{"line":61,"column":4},"end":{"line":84,"column":7}},"28":{"start":{"line":63,"column":21},"end":{"line":63,"column":61}},"29":{"start":{"line":63,"column":36},"end":{"line":63,"column":60}},"30":{"start":{"line":64,"column":6},"end":{"line":67,"column":7}},"31":{"start":{"line":65,"column":8},"end":{"line":65,"column":82}},"32":{"start":{"line":66,"column":8},"end":{"line":66,"column":20}},"33":{"start":{"line":70,"column":40},"end":{"line":73,"column":7}},"34":{"start":{"line":76,"column":22},"end":{"line":76,"column":58}},"35":{"start":{"line":78,"column":6},"end":{"line":78,"column":72}},"36":{"start":{"line":81,"column":6},"end":{"line":83,"column":8}},"37":{"start":{"line":82,"column":8},"end":{"line":82,"column":73}},"38":{"start":{"line":88,"column":21},"end":{"line":101,"column":3}},"39":{"start":{"line":89,"column":4},"end":{"line":100,"column":5}},"40":{"start":{"line":90,"column":22},"end":{"line":90,"column":93}},"41":{"start":{"line":91,"column":6},"end":{"line":97,"column":7}},"42":{"start":{"line":92,"column":8},"end":{"line":96,"column":10}},"43":{"start":{"line":93,"column":10},"end":{"line":95,"column":11}},"44":{"start":{"line":94,"column":12},"end":{"line":94,"column":64}},"45":{"start":{"line":99,"column":6},"end":{"line":99,"column":67}},"46":{"start":{"line":104,"column":24},"end":{"line":118,"column":3}},"47":{"start":{"line":105,"column":4},"end":{"line":117,"column":5}},"48":{"start":{"line":106,"column":24},"end":{"line":106,"column":75}},"49":{"start":{"line":106,"column":50},"end":{"line":106,"column":59}},"50":{"start":{"line":106,"column":70},"end":{"line":106,"column":74}},"51":{"start":{"line":107,"column":6},"end":{"line":114,"column":7}},"52":{"start":{"line":108,"column":24},"end":{"line":108,"column":99}},"53":{"start":{"line":109,"column":8},"end":{"line":113,"column":9}},"54":{"start":{"line":110,"column":10},"end":{"line":112,"column":12}},"55":{"start":{"line":111,"column":12},"end":{"line":111,"column":51}},"56":{"start":{"line":111,"column":27},"end":{"line":111,"column":49}},"57":{"start":{"line":116,"column":6},"end":{"line":116,"column":72}},"58":{"start":{"line":121,"column":29},"end":{"line":123,"column":3}},"59":{"start":{"line":122,"column":4},"end":{"line":122,"column":25}},"60":{"start":{"line":126,"column":28},"end":{"line":130,"column":3}},"61":{"start":{"line":127,"column":4},"end":{"line":129,"column":6}},"62":{"start":{"line":128,"column":6},"end":{"line":128,"column":47}},"63":{"start":{"line":128,"column":23},"end":{"line":128,"column":46}},"64":{"start":{"line":132,"column":2},"end":{"line":202,"column":15}},"65":{"start":{"line":133,"column":4},"end":{"line":139,"column":5}},"66":{"start":{"line":135,"column":6},"end":{"line":135,"column":39}},"67":{"start":{"line":136,"column":6},"end":{"line":136,"column":26}},"68":{"start":{"line":137,"column":6},"end":{"line":137,"column":27}},"69":{"start":{"line":138,"column":6},"end":{"line":138,"column":13}},"70":{"start":{"line":142,"column":55},"end":{"line":145,"column":5}},"71":{"start":{"line":143,"column":6},"end":{"line":143,"column":70}},"72":{"start":{"line":144,"column":6},"end":{"line":144,"column":36}},"73":{"start":{"line":148,"column":4},"end":{"line":148,"column":47}},"74":{"start":{"line":151,"column":4},"end":{"line":151,"column":70}},"75":{"start":{"line":154,"column":4},"end":{"line":169,"column":9}},"76":{"start":{"line":156,"column":8},"end":{"line":156,"column":75}},"77":{"start":{"line":157,"column":8},"end":{"line":157,"column":27}},"78":{"start":{"line":160,"column":8},"end":{"line":162,"column":17}},"79":{"start":{"line":161,"column":10},"end":{"line":161,"column":30}},"80":{"start":{"line":165,"column":8},"end":{"line":165,"column":80}},"81":{"start":{"line":166,"column":8},"end":{"line":166,"column":28}},"82":{"start":{"line":168,"column":8},"end":{"line":168,"column":28}},"83":{"start":{"line":172,"column":27},"end":{"line":188,"column":13}},"84":{"start":{"line":173,"column":26},"end":{"line":173,"column":59}},"85":{"start":{"line":174,"column":6},"end":{"line":174,"column":32}},"86":{"start":{"line":177,"column":6},"end":{"line":187,"column":7}},"87":{"start":{"line":178,"column":8},"end":{"line":178,"column":53}},"88":{"start":{"line":179,"column":8},"end":{"line":186,"column":13}},"89":{"start":{"line":181,"column":12},"end":{"line":181,"column":54}},"90":{"start":{"line":182,"column":12},"end":{"line":182,"column":31}},"91":{"start":{"line":185,"column":12},"end":{"line":185,"column":59}},"92":{"start":{"line":191,"column":4},"end":{"line":201,"column":6}},"93":{"start":{"line":192,"column":6},"end":{"line":192,"column":36}},"94":{"start":{"line":194,"column":6},"end":{"line":197,"column":7}},"95":{"start":{"line":195,"column":8},"end":{"line":195,"column":74}},"96":{"start":{"line":196,"column":8},"end":{"line":196,"column":34}},"97":{"start":{"line":205,"column":2},"end":{"line":211,"column":9}},"98":{"start":{"line":206,"column":4},"end":{"line":210,"column":6}},"99":{"start":{"line":207,"column":6},"end":{"line":209,"column":7}},"100":{"start":{"line":208,"column":8},"end":{"line":208,"column":74}},"101":{"start":{"line":214,"column":25},"end":{"line":221,"column":3}},"102":{"start":{"line":215,"column":4},"end":{"line":220,"column":5}},"103":{"start":{"line":216,"column":6},"end":{"line":216,"column":49}},"104":{"start":{"line":217,"column":6},"end":{"line":217,"column":54}},"105":{"start":{"line":219,"column":6},"end":{"line":219,"column":57}},"106":{"start":{"line":224,"column":23},"end":{"line":226,"column":3}},"107":{"start":{"line":225,"column":4},"end":{"line":225,"column":56}},"108":{"start":{"line":228,"column":2},"end":{"line":241,"column":4}}},"fnMap":{"0":{"name":"(anonymous_0)","decl":{"start":{"line":19,"column":32},"end":{"line":19,"column":33}},"loc":{"start":{"line":19,"column":99},"end":{"line":242,"column":1}},"line":19},"1":{"name":"(anonymous_1)","decl":{"start":{"line":26,"column":43},"end":{"line":26,"column":44}},"loc":{"start":{"line":26,"column":48},"end":{"line":26,"column":57}},"line":26},"2":{"name":"(anonymous_2)","decl":{"start":{"line":29,"column":28},"end":{"line":29,"column":29}},"loc":{"start":{"line":29,"column":40},"end":{"line":56,"column":3}},"line":29},"3":{"name":"(anonymous_3)","decl":{"start":{"line":37,"column":23},"end":{"line":37,"column":24}},"loc":{"start":{"line":37,"column":31},"end":{"line":50,"column":7}},"line":37},"4":{"name":"(anonymous_4)","decl":{"start":{"line":38,"column":37},"end":{"line":38,"column":38}},"loc":{"start":{"line":38,"column":42},"end":{"line":38,"column":46}},"line":38},"5":{"name":"(anonymous_5)","decl":{"start":{"line":39,"column":62},"end":{"line":39,"column":63}},"loc":{"start":{"line":39,"column":67},"end":{"line":39,"column":94}},"line":39},"6":{"name":"(anonymous_6)","decl":{"start":{"line":44,"column":35},"end":{"line":44,"column":36}},"loc":{"start":{"line":45,"column":10},"end":{"line":45,"column":75}},"line":45},"7":{"name":"(anonymous_7)","decl":{"start":{"line":59,"column":26},"end":{"line":59,"column":27}},"loc":{"start":{"line":59,"column":58},"end":{"line":85,"column":3}},"line":59},"8":{"name":"(anonymous_8)","decl":{"start":{"line":61,"column":21},"end":{"line":61,"column":22}},"loc":{"start":{"line":61,"column":29},"end":{"line":84,"column":5}},"line":61},"9":{"name":"(anonymous_9)","decl":{"start":{"line":63,"column":31},"end":{"line":63,"column":32}},"loc":{"start":{"line":63,"column":36},"end":{"line":63,"column":60}},"line":63},"10":{"name":"(anonymous_10)","decl":{"start":{"line":81,"column":26},"end":{"line":81,"column":27}},"loc":{"start":{"line":82,"column":8},"end":{"line":82,"column":73}},"line":82},"11":{"name":"(anonymous_11)","decl":{"start":{"line":88,"column":21},"end":{"line":88,"column":22}},"loc":{"start":{"line":88,"column":55},"end":{"line":101,"column":3}},"line":88},"12":{"name":"(anonymous_12)","decl":{"start":{"line":92,"column":25},"end":{"line":92,"column":26}},"loc":{"start":{"line":93,"column":10},"end":{"line":95,"column":11}},"line":93},"13":{"name":"(anonymous_13)","decl":{"start":{"line":93,"column":19},"end":{"line":93,"column":20}},"loc":{"start":{"line":94,"column":12},"end":{"line":94,"column":64}},"line":94},"14":{"name":"(anonymous_14)","decl":{"start":{"line":104,"column":24},"end":{"line":104,"column":25}},"loc":{"start":{"line":104,"column":36},"end":{"line":118,"column":3}},"line":104},"15":{"name":"(anonymous_15)","decl":{"start":{"line":106,"column":45},"end":{"line":106,"column":46}},"loc":{"start":{"line":106,"column":50},"end":{"line":106,"column":59}},"line":106},"16":{"name":"(anonymous_16)","decl":{"start":{"line":106,"column":65},"end":{"line":106,"column":66}},"loc":{"start":{"line":106,"column":70},"end":{"line":106,"column":74}},"line":106},"17":{"name":"(anonymous_17)","decl":{"start":{"line":110,"column":27},"end":{"line":110,"column":28}},"loc":{"start":{"line":111,"column":12},"end":{"line":111,"column":51}},"line":111},"18":{"name":"(anonymous_18)","decl":{"start":{"line":111,"column":21},"end":{"line":111,"column":22}},"loc":{"start":{"line":111,"column":27},"end":{"line":111,"column":49}},"line":111},"19":{"name":"(anonymous_19)","decl":{"start":{"line":121,"column":29},"end":{"line":121,"column":30}},"loc":{"start":{"line":121,"column":35},"end":{"line":123,"column":3}},"line":121},"20":{"name":"(anonymous_20)","decl":{"start":{"line":126,"column":28},"end":{"line":126,"column":29}},"loc":{"start":{"line":126,"column":56},"end":{"line":130,"column":3}},"line":126},"21":{"name":"(anonymous_21)","decl":{"start":{"line":127,"column":21},"end":{"line":127,"column":22}},"loc":{"start":{"line":128,"column":6},"end":{"line":128,"column":47}},"line":128},"22":{"name":"(anonymous_22)","decl":{"start":{"line":128,"column":18},"end":{"line":128,"column":19}},"loc":{"start":{"line":128,"column":23},"end":{"line":128,"column":46}},"line":128},"23":{"name":"(anonymous_23)","decl":{"start":{"line":132,"column":12},"end":{"line":132,"column":13}},"loc":{"start":{"line":132,"column":18},"end":{"line":202,"column":3}},"line":132},"24":{"name":"(anonymous_24)","decl":{"start":{"line":142,"column":55},"end":{"line":142,"column":56}},"loc":{"start":{"line":142,"column":87},"end":{"line":145,"column":5}},"line":142},"25":{"name":"(anonymous_25)","decl":{"start":{"line":155,"column":12},"end":{"line":155,"column":13}},"loc":{"start":{"line":155,"column":18},"end":{"line":163,"column":7}},"line":155},"26":{"name":"(anonymous_26)","decl":{"start":{"line":160,"column":19},"end":{"line":160,"column":20}},"loc":{"start":{"line":160,"column":25},"end":{"line":162,"column":9}},"line":160},"27":{"name":"(anonymous_27)","decl":{"start":{"line":164,"column":13},"end":{"line":164,"column":14}},"loc":{"start":{"line":164,"column":24},"end":{"line":169,"column":7}},"line":164},"28":{"name":"(anonymous_28)","decl":{"start":{"line":172,"column":39},"end":{"line":172,"column":40}},"loc":{"start":{"line":172,"column":45},"end":{"line":188,"column":5}},"line":172},"29":{"name":"(anonymous_29)","decl":{"start":{"line":180,"column":16},"end":{"line":180,"column":17}},"loc":{"start":{"line":180,"column":22},"end":{"line":183,"column":11}},"line":180},"30":{"name":"(anonymous_30)","decl":{"start":{"line":184,"column":17},"end":{"line":184,"column":18}},"loc":{"start":{"line":184,"column":28},"end":{"line":186,"column":11}},"line":184},"31":{"name":"(anonymous_31)","decl":{"start":{"line":191,"column":11},"end":{"line":191,"column":12}},"loc":{"start":{"line":191,"column":17},"end":{"line":201,"column":5}},"line":191},"32":{"name":"(anonymous_32)","decl":{"start":{"line":205,"column":12},"end":{"line":205,"column":13}},"loc":{"start":{"line":205,"column":18},"end":{"line":211,"column":3}},"line":205},"33":{"name":"(anonymous_33)","decl":{"start":{"line":206,"column":11},"end":{"line":206,"column":12}},"loc":{"start":{"line":206,"column":17},"end":{"line":210,"column":5}},"line":206},"34":{"name":"(anonymous_34)","decl":{"start":{"line":214,"column":25},"end":{"line":214,"column":26}},"loc":{"start":{"line":214,"column":37},"end":{"line":221,"column":3}},"line":214},"35":{"name":"(anonymous_35)","decl":{"start":{"line":224,"column":23},"end":{"line":224,"column":24}},"loc":{"start":{"line":224,"column":29},"end":{"line":226,"column":3}},"line":224}},"branchMap":{"0":{"loc":{"start":{"line":30,"column":4},"end":{"line":30,"column":24}},"type":"if","locations":[{"start":{"line":30,"column":4},"end":{"line":30,"column":24}},{"start":{},"end":{}}],"line":30},"1":{"loc":{"start":{"line":64,"column":6},"end":{"line":67,"column":7}},"type":"if","locations":[{"start":{"line":64,"column":6},"end":{"line":67,"column":7}},{"start":{},"end":{}}],"line":64},"2":{"loc":{"start":{"line":72,"column":19},"end":{"line":72,"column":69}},"type":"binary-expr","locations":[{"start":{"line":72,"column":19},"end":{"line":72,"column":41}},{"start":{"line":72,"column":45},"end":{"line":72,"column":69}}],"line":72},"3":{"loc":{"start":{"line":91,"column":6},"end":{"line":97,"column":7}},"type":"if","locations":[{"start":{"line":91,"column":6},"end":{"line":97,"column":7}},{"start":{},"end":{}}],"line":91},"4":{"loc":{"start":{"line":94,"column":12},"end":{"line":94,"column":64}},"type":"cond-expr","locations":[{"start":{"line":94,"column":38},"end":{"line":94,"column":60}},{"start":{"line":94,"column":63},"end":{"line":94,"column":64}}],"line":94},"5":{"loc":{"start":{"line":107,"column":6},"end":{"line":114,"column":7}},"type":"if","locations":[{"start":{"line":107,"column":6},"end":{"line":114,"column":7}},{"start":{},"end":{}}],"line":107},"6":{"loc":{"start":{"line":109,"column":8},"end":{"line":113,"column":9}},"type":"if","locations":[{"start":{"line":109,"column":8},"end":{"line":113,"column":9}},{"start":{},"end":{}}],"line":109},"7":{"loc":{"start":{"line":133,"column":4},"end":{"line":139,"column":5}},"type":"if","locations":[{"start":{"line":133,"column":4},"end":{"line":139,"column":5}},{"start":{},"end":{}}],"line":133},"8":{"loc":{"start":{"line":177,"column":6},"end":{"line":187,"column":7}},"type":"if","locations":[{"start":{"line":177,"column":6},"end":{"line":187,"column":7}},{"start":{},"end":{}}],"line":177},"9":{"loc":{"start":{"line":177,"column":10},"end":{"line":177,"column":32}},"type":"binary-expr","locations":[{"start":{"line":177,"column":10},"end":{"line":177,"column":22}},{"start":{"line":177,"column":26},"end":{"line":177,"column":32}}],"line":177},"10":{"loc":{"start":{"line":194,"column":6},"end":{"line":197,"column":7}},"type":"if","locations":[{"start":{"line":194,"column":6},"end":{"line":197,"column":7}},{"start":{},"end":{}}],"line":194},"11":{"loc":{"start":{"line":207,"column":6},"end":{"line":209,"column":7}},"type":"if","locations":[{"start":{"line":207,"column":6},"end":{"line":209,"column":7}},{"start":{},"end":{}}],"line":207}},"s":{"0":1,"1":0,"2":0,"3":0,"4":0,"5":0,"6":0,"7":0,"8":0,"9":0,"10":0,"11":0,"12":0,"13":0,"14":0,"15":0,"16":0,"17":0,"18":0,"19":0,"20":0,"21":0,"22":0,"23":0,"24":0,"25":0,"26":0,"27":0,"28":0,"29":0,"30":0,"31":0,"32":0,"33":0,"34":0,"35":0,"36":0,"37":0,"38":0,"39":0,"40":0,"41":0,"42":0,"43":0,"44":0,"45":0,"46":0,"47":0,"48":0,"49":0,"50":0,"51":0,"52":0,"53":0,"54":0,"55":0,"56":0,"57":0,"58":0,"59":0,"60":0,"61":0,"62":0,"63":0,"64":0,"65":0,"66":0,"67":0,"68":0,"69":0,"70":0,"71":0,"72":0,"73":0,"74":0,"75":0,"76":0,"77":0,"78":0,"79":0,"80":0,"81":0,"82":0,"83":0,"84":0,"85":0,"86":0,"87":0,"88":0,"89":0,"90":0,"91":0,"92":0,"93":0,"94":0,"95":0,"96":0,"97":0,"98":0,"99":0,"100":0,"101":0,"102":0,"103":0,"104":0,"105":0,"106":0,"107":0,"108":0},"f":{"0":0,"1":0,"2":0,"3":0,"4":0,"5":0,"6":0,"7":0,"8":0,"9":0,"10":0,"11":0,"12":0,"13":0,"14":0,"15":0,"16":0,"17":0,"18":0,"19":0,"20":0,"21":0,"22":0,"23":0,"24":0,"25":0,"26":0,"27":0,"28":0,"29":0,"30":0,"31":0,"32":0,"33":0,"34":0,"35":0},"b":{"0":[0,0],"1":[0,0],"2":[0,0],"3":[0,0],"4":[0,0],"5":[0,0],"6":[0,0],"7":[0,0],"8":[0,0],"9":[0,0],"10":[0,0],"11":[0,0]},"_coverageSchema":"1a1c01bbd47fc00a2c39e90264f33305004495a9","hash":"cf9be5f8c5e2bef072f3fd4b6852dcdc00fb02ab"}
,"C:\\Users\\PC\\Desktop\\shopmind\\ShopMind\\ShopMind\\src\\navigation\\CartNavigation.tsx": {"path":"C:\\Users\\PC\\Desktop\\shopmind\\ShopMind\\ShopMind\\src\\navigation\\CartNavigation.tsx","statementMap":{"0":{"start":{"line":14,"column":54},"end":{"line":48,"column":1}},"1":{"start":{"line":15,"column":44},"end":{"line":15,"column":82}},"2":{"start":{"line":17,"column":35},"end":{"line":19,"column":3}},"3":{"start":{"line":18,"column":4},"end":{"line":18,"column":33}},"4":{"start":{"line":21,"column":27},"end":{"line":23,"column":3}},"5":{"start":{"line":22,"column":4},"end":{"line":22,"column":29}},"6":{"start":{"line":25,"column":31},"end":{"line":28,"column":3}},"7":{"start":{"line":27,"column":4},"end":{"line":27,"column":29}},"8":{"start":{"line":30,"column":2},"end":{"line":47,"column":4}}},"fnMap":{"0":{"name":"(anonymous_0)","decl":{"start":{"line":14,"column":54},"end":{"line":14,"column":55}},"loc":{"start":{"line":14,"column":75},"end":{"line":48,"column":1}},"line":14},"1":{"name":"(anonymous_1)","decl":{"start":{"line":17,"column":35},"end":{"line":17,"column":36}},"loc":{"start":{"line":17,"column":41},"end":{"line":19,"column":3}},"line":17},"2":{"name":"(anonymous_2)","decl":{"start":{"line":21,"column":27},"end":{"line":21,"column":28}},"loc":{"start":{"line":21,"column":33},"end":{"line":23,"column":3}},"line":21},"3":{"name":"(anonymous_3)","decl":{"start":{"line":25,"column":31},"end":{"line":25,"column":32}},"loc":{"start":{"line":25,"column":37},"end":{"line":28,"column":3}},"line":25}},"branchMap":{"0":{"loc":{"start":{"line":32,"column":7},"end":{"line":38,"column":7}},"type":"binary-expr","locations":[{"start":{"line":32,"column":7},"end":{"line":32,"column":31}},{"start":{"line":33,"column":8},"end":{"line":37,"column":10}}],"line":32},"1":{"loc":{"start":{"line":39,"column":7},"end":{"line":45,"column":7}},"type":"binary-expr","locations":[{"start":{"line":39,"column":7},"end":{"line":39,"column":35}},{"start":{"line":40,"column":8},"end":{"line":44,"column":10}}],"line":39}},"s":{"0":1,"1":0,"2":0,"3":0,"4":0,"5":0,"6":0,"7":0,"8":0},"f":{"0":0,"1":0,"2":0,"3":0},"b":{"0":[0,0],"1":[0,0]},"_coverageSchema":"1a1c01bbd47fc00a2c39e90264f33305004495a9","hash":"837da02e4721e87e0f57c07336e43be04747b3b4"}
,"C:\\Users\\PC\\Desktop\\shopmind\\ShopMind\\ShopMind\\src\\screens\\AccountScreen.tsx": {"path":"C:\\Users\\PC\\Desktop\\shopmind\\ShopMind\\ShopMind\\src\\screens\\AccountScreen.tsx","statementMap":{"0":{"start":{"line":7,"column":18},"end":{"line":7,"column":42}},"1":{"start":{"line":15,"column":52},"end":{"line":169,"column":1}},"2":{"start":{"line":16,"column":25},"end":{"line":26,"column":3}},"3":{"start":{"line":28,"column":2},"end":{"line":168,"column":4}},"4":{"start":{"line":55,"column":56},"end":{"line":55,"column":63}},"5":{"start":{"line":130,"column":12},"end":{"line":141,"column":31}},"6":{"start":{"line":171,"column":15},"end":{"line":457,"column":2}}},"fnMap":{"0":{"name":"(anonymous_0)","decl":{"start":{"line":15,"column":52},"end":{"line":15,"column":53}},"loc":{"start":{"line":15,"column":83},"end":{"line":169,"column":1}},"line":15},"1":{"name":"(anonymous_1)","decl":{"start":{"line":55,"column":48},"end":{"line":55,"column":49}},"loc":{"start":{"line":55,"column":56},"end":{"line":55,"column":63}},"line":55},"2":{"name":"(anonymous_2)","decl":{"start":{"line":129,"column":30},"end":{"line":129,"column":31}},"loc":{"start":{"line":130,"column":12},"end":{"line":141,"column":31}},"line":130}},"branchMap":{"0":{"loc":{"start":{"line":47,"column":13},"end":{"line":58,"column":13}},"type":"cond-expr","locations":[{"start":{"line":48,"column":14},"end":{"line":48,"column":89}},{"start":{"line":50,"column":14},"end":{"line":57,"column":31}}],"line":47},"1":{"loc":{"start":{"line":61,"column":14},"end":{"line":61,"column":91}},"type":"cond-expr","locations":[{"start":{"line":61,"column":48},"end":{"line":61,"column":67}},{"start":{"line":61,"column":70},"end":{"line":61,"column":91}}],"line":61},"2":{"loc":{"start":{"line":64,"column":17},"end":{"line":64,"column":60}},"type":"cond-expr","locations":[{"start":{"line":64,"column":51},"end":{"line":64,"column":54}},{"start":{"line":64,"column":57},"end":{"line":64,"column":60}}],"line":64},"3":{"loc":{"start":{"line":138,"column":15},"end":{"line":140,"column":15}},"type":"binary-expr","locations":[{"start":{"line":138,"column":15},"end":{"line":138,"column":30}},{"start":{"line":139,"column":16},"end":{"line":139,"column":77}}],"line":138}},"s":{"0":1,"1":1,"2":0,"3":0,"4":0,"5":0,"6":1},"f":{"0":0,"1":0,"2":0},"b":{"0":[0,0],"1":[0,0],"2":[0,0],"3":[0,0]},"_coverageSchema":"1a1c01bbd47fc00a2c39e90264f33305004495a9","hash":"42297bebee59b46d95c086ab4b4373d5f185c481"}
,"C:\\Users\\PC\\Desktop\\shopmind\\ShopMind\\ShopMind\\src\\screens\\CartScreen.tsx": {"path":"C:\\Users\\PC\\Desktop\\shopmind\\ShopMind\\ShopMind\\src\\screens\\CartScreen.tsx","statementMap":{"0":{"start":{"line":5,"column":18},"end":{"line":5,"column":42}},"1":{"start":{"line":19,"column":46},"end":{"line":154,"column":1}},"2":{"start":{"line":27,"column":6},"end":{"line":27,"column":15}},"3":{"start":{"line":29,"column":31},"end":{"line":35,"column":3}},"4":{"start":{"line":30,"column":4},"end":{"line":34,"column":5}},"5":{"start":{"line":31,"column":6},"end":{"line":31,"column":48}},"6":{"start":{"line":33,"column":6},"end":{"line":33,"column":55}},"7":{"start":{"line":37,"column":26},"end":{"line":43,"column":3}},"8":{"start":{"line":38,"column":4},"end":{"line":42,"column":5}},"9":{"start":{"line":39,"column":6},"end":{"line":39,"column":24}},"10":{"start":{"line":41,"column":6},"end":{"line":41,"column":51}},"11":{"start":{"line":45,"column":2},"end":{"line":153,"column":4}},"12":{"start":{"line":68,"column":16},"end":{"line":102,"column":23}},"13":{"start":{"line":90,"column":37},"end":{"line":90,"column":85}},"14":{"start":{"line":97,"column":37},"end":{"line":97,"column":85}},"15":{"start":{"line":156,"column":15},"end":{"line":404,"column":2}}},"fnMap":{"0":{"name":"(anonymous_0)","decl":{"start":{"line":19,"column":46},"end":{"line":19,"column":47}},"loc":{"start":{"line":19,"column":89},"end":{"line":154,"column":1}},"line":19},"1":{"name":"(anonymous_1)","decl":{"start":{"line":29,"column":31},"end":{"line":29,"column":32}},"loc":{"start":{"line":29,"column":78},"end":{"line":35,"column":3}},"line":29},"2":{"name":"(anonymous_2)","decl":{"start":{"line":37,"column":26},"end":{"line":37,"column":27}},"loc":{"start":{"line":37,"column":38},"end":{"line":43,"column":3}},"line":37},"3":{"name":"(anonymous_3)","decl":{"start":{"line":67,"column":29},"end":{"line":67,"column":30}},"loc":{"start":{"line":68,"column":16},"end":{"line":102,"column":23}},"line":68},"4":{"name":"(anonymous_4)","decl":{"start":{"line":90,"column":31},"end":{"line":90,"column":32}},"loc":{"start":{"line":90,"column":37},"end":{"line":90,"column":85}},"line":90},"5":{"name":"(anonymous_5)","decl":{"start":{"line":97,"column":31},"end":{"line":97,"column":32}},"loc":{"start":{"line":97,"column":37},"end":{"line":97,"column":85}},"line":97}},"branchMap":{"0":{"loc":{"start":{"line":50,"column":35},"end":{"line":50,"column":81}},"type":"cond-expr","locations":[{"start":{"line":50,"column":65},"end":{"line":50,"column":71}},{"start":{"line":50,"column":74},"end":{"line":50,"column":81}}],"line":50},"1":{"loc":{"start":{"line":55,"column":9},"end":{"line":150,"column":9}},"type":"cond-expr","locations":[{"start":{"line":56,"column":10},"end":{"line":63,"column":17}},{"start":{"line":65,"column":10},"end":{"line":149,"column":13}}],"line":55},"2":{"loc":{"start":{"line":70,"column":21},"end":{"line":78,"column":21}},"type":"cond-expr","locations":[{"start":{"line":71,"column":22},"end":{"line":75,"column":24}},{"start":{"line":77,"column":22},"end":{"line":77,"column":66}}],"line":70},"3":{"loc":{"start":{"line":141,"column":13},"end":{"line":148,"column":13}},"type":"binary-expr","locations":[{"start":{"line":141,"column":13},"end":{"line":141,"column":33}},{"start":{"line":142,"column":14},"end":{"line":147,"column":33}}],"line":141}},"s":{"0":1,"1":1,"2":0,"3":0,"4":0,"5":0,"6":0,"7":0,"8":0,"9":0,"10":0,"11":0,"12":0,"13":0,"14":0,"15":1},"f":{"0":0,"1":0,"2":0,"3":0,"4":0,"5":0},"b":{"0":[0,0],"1":[0,0],"2":[0,0],"3":[0,0]},"_coverageSchema":"1a1c01bbd47fc00a2c39e90264f33305004495a9","hash":"6a216b8b98a7aa7c10e24c2710e09212039865c8"}
,"C:\\Users\\PC\\Desktop\\shopmind\\ShopMind\\ShopMind\\src\\screens\\CheckoutScreen.tsx": {"path":"C:\\Users\\PC\\Desktop\\shopmind\\ShopMind\\ShopMind\\src\\screens\\CheckoutScreen.tsx","statementMap":{"0":{"start":{"line":26,"column":54},"end":{"line":482,"column":1}},"1":{"start":{"line":31,"column":29},"end":{"line":31,"column":40}},"2":{"start":{"line":41,"column":6},"end":{"line":41,"column":15}},"3":{"start":{"line":42,"column":42},"end":{"line":42,"column":57}},"4":{"start":{"line":43,"column":52},"end":{"line":43,"column":67}},"5":{"start":{"line":44,"column":46},"end":{"line":44,"column":75}},"6":{"start":{"line":47,"column":54},"end":{"line":47,"column":78}},"7":{"start":{"line":48,"column":52},"end":{"line":48,"column":67}},"8":{"start":{"line":49,"column":42},"end":{"line":49,"column":54}},"9":{"start":{"line":50,"column":54},"end":{"line":50,"column":69}},"10":{"start":{"line":51,"column":30},"end":{"line":51,"column":50}},"11":{"start":{"line":54,"column":2},"end":{"line":56,"column":9}},"12":{"start":{"line":55,"column":4},"end":{"line":55,"column":29}},"13":{"start":{"line":58,"column":33},"end":{"line":65,"column":3}},"14":{"start":{"line":59,"column":4},"end":{"line":64,"column":5}},"15":{"start":{"line":60,"column":24},"end":{"line":60,"column":54}},"16":{"start":{"line":61,"column":6},"end":{"line":61,"column":39}},"17":{"start":{"line":63,"column":6},"end":{"line":63,"column":55}},"18":{"start":{"line":67,"column":30},"end":{"line":90,"column":3}},"19":{"start":{"line":68,"column":24},"end":{"line":68,"column":44}},"20":{"start":{"line":69,"column":4},"end":{"line":72,"column":5}},"21":{"start":{"line":70,"column":6},"end":{"line":70,"column":59}},"22":{"start":{"line":71,"column":6},"end":{"line":71,"column":13}},"23":{"start":{"line":74,"column":4},"end":{"line":74,"column":32}},"24":{"start":{"line":75,"column":4},"end":{"line":89,"column":5}},"25":{"start":{"line":76,"column":21},"end":{"line":76,"column":72}},"26":{"start":{"line":77,"column":6},"end":{"line":83,"column":7}},"27":{"start":{"line":78,"column":8},"end":{"line":78,"column":47}},"28":{"start":{"line":79,"column":8},"end":{"line":79,"column":28}},"29":{"start":{"line":80,"column":8},"e
[...]
,"C:\\Users\\PC\\Desktop\\shopmind\\ShopMind\\ShopMind\\src\\services\\stripeService.ts": {"path":"C:\\Users\\PC\\Desktop\\shopmind\\ShopMind\\ShopMind\\src\\services\\stripeService.ts","statementMap":{"0":{"start":{"line":4,"column":31},"end":{"line":4,"column":140}},"1":{"start":{"line":6,"column":32},"end":{"line":18,"column":1}},"2":{"start":{"line":7,"column":2},"end":{"line":17,"column":3}},"3":{"start":{"line":8,"column":4},"end":{"line":11,"column":7}},"4":{"start":{"line":12,"column":4},"end":{"line":12,"column":51}},"5":{"start":{"line":13,"column":4},"end":{"line":13,"column":16}},"6":{"start":{"line":15,"column":4},"end":{"line":15,"column":55}},"7":{"start":{"line":16,"column":4},"end":{"line":16,"column":17}},"8":{"start":{"line":54,"column":4},"end":{"line":54,"column":27}},"9":{"start":{"line":61,"column":4},"end":{"line":96,"column":5}},"10":{"start":{"line":62,"column":6},"end":{"line":62,"column":55}},"11":{"start":{"line":64,"column":23},"end":{"line":70,"column":8}},"12":{"start":{"line":72,"column":6},"end":{"line":79,"column":7}},"13":{"start":{"line":73,"column":26},"end":{"line":73,"column":47}},"14":{"start":{"line":74,"column":8},"end":{"line":74,"column":85}},"15":{"start":{"line":75,"column":8},"end":{"line":78,"column":10}},"16":{"start":{"line":81,"column":19},"end":{"line":81,"column":40}},"17":{"start":{"line":82,"column":6},"end":{"line":82,"column":51}},"18":{"start":{"line":84,"column":6},"end":{"line":89,"column":8}},"19":{"start":{"line":91,"column":6},"end":{"line":91,"column":61}},"20":{"start":{"line":92,"column":6},"end":{"line":95,"column":8}},"21":{"start":{"line":105,"column":4},"end":{"line":142,"column":5}},"22":{"start":{"line":106,"column":6},"end":{"line":106,"column":88}},"23":{"start":{"line":108,"column":23},"end":{"line":118,"column":8}},"24":{"start":{"line":120,"column":6},"end":{"line":127,"column":7}},"25":{"start":{"line":121,"column":26},"end":{"line":121,"column":47}},"26":{"start":{"line":122,"column":8},"end":{"line":122,"column":82}},"27":{"start":{"line":123,"column":8},"end":{"line":126,"column":10}},"28":{"start":{"line":129,"column":19},"end":{"line":129,"column":40}},"29":{"start":{"line":130,"column":6},"end":{"line":130,"column":46}},"30":{"start":{"line":132,"column":6},"end":{"line":135,"column":8}},"31":{"start":{"line":137,"column":6},"end":{"line":137,"column":56}},"32":{"start":{"line":138,"column":6},"end":{"line":141,"column":8}},"33":{"start":{"line":146,"column":29},"end":{"line":146,"column":48}}},"fnMap":{"0":{"name":"(anonymous_0)","decl":{"start":{"line":6,"column":32},"end":{"line":6,"column":33}},"loc":{"start":{"line":6,"column":44},"end":{"line":18,"column":1}},"line":6},"1":{"name":"(anonymous_1)","decl":{"start":{"line":53,"column":2},"end":{"line":53,"column":3}},"loc":{"start":{"line":53,"column":49},"end":{"line":55,"column":3}},"line":53},"2":{"name":"(anonymous_2)","decl":{"start":{"line":58,"column":2},"end":{"line":58,"column":3}},"loc":{"start":{"line":60,"column":42},"end":{"line":97,"column":3}},"line":60},"3":{"name":"(anonymous_3)","decl":{"start":{"line":100,"column":2},"end":{"line":100,"column":3}},"loc":{"start":{"line":104,"column":69},"end":{"line":143,"column":3}},"line":104}},"branchMap":{"0":{"loc":{"start":{"line":53,"column":14},"end":{"line":53,"column":47}},"type":"default-arg","locations":[{"start":{"line":53,"column":32},"end":{"line":53,"column":47}}],"line":53},"1":{"loc":{"start":{"line":72,"column":6},"end":{"line":79,"column":7}},"type":"if","locations":[{"start":{"line":72,"column":6},"end":{"line":79,"column":7}},{"start":{},"end":{}}],"line":72},"2":{"loc":{"start":{"line":94,"column":15},"end":{"line":94,"column":71}},"type":"cond-expr","locations":[{"start":{"line":94,"column":40},"end":{"line":94,"column":53}},{"start":{"line":94,"column":56},"end":{"line":94,"column":71}}],"line":94},"3":{"loc":{"start":{"line":120,"column":6},"end":{"line":127,"column":7}},"type":"if","locations":[{"start":{"line":120,"column":6},"end":{"line":127,"column":7}},{"start":{},"end":{}}],"line":120},"4":{"loc":{"start":{"line":140,"column":15},"end":{"line":140,"column":71}},"type":"cond-expr","locations":[{"start":{"line":140,"column":40},"end":{"line":140,"column":53}},{"start":{"line":140,"column":56},"end":{"line":140,"column":71}}],"line":140}},"s":{"0":1,"1":1,"2":0,"3":0,"4":0,"5":0,"6":0,"7":0,"8":1,"9":0,"10":0,"11":0,"12":0,"13":0,"14":0,"15":0,"16":0,"17":0,"18":0,"19":0,"20":0,"21":0,"22":0,"23":0,"24":0,"25":0,"26":0,"27":0,"28":0,"29":0,"30":0,"31":0,"32":0,"33":1},"f":{"0":0,"1":1,"2":0,"3":0},"b":{"0":[1],"1":[0,0],"2":[0,0],"3":[0,0],"4":[0,0]},"_coverageSchema":"1a1c01bbd47fc00a2c39e90264f33305004495a9","hash":"2c355c7b4422a5f1bf526974deac8206341422b9"}
,"C:\\Users\\PC\\Desktop\\shopmind\\ShopMind\\ShopMind\\src\\services\\toastService.ts": {"path":"C:\\Users\\PC\\Desktop\\shopmind\\ShopMind\\ShopMind\\src\\services\\toastService.ts","statementMap":{"0":{"start":{"line":15,"column":46},"end":{"line":15,"column":48}},"1":{"start":{"line":16,"column":32},"end":{"line":16,"column":33}},"2":{"start":{"line":20,"column":4},"end":{"line":20,"column":34}},"3":{"start":{"line":21,"column":4},"end":{"line":23,"column":6}},"4":{"start":{"line":22,"column":6},"end":{"line":22,"column":66}},"5":{"start":{"line":22,"column":50},"end":{"line":22,"column":64}},"6":{"start":{"line":33,"column":37},"end":{"line":40,"column":5}},"7":{"start":{"line":42,"column":4},"end":{"line":42,"column":44}},"8":{"start":{"line":45,"column":4},"end":{"line":51,"column":7}},"9":{"start":{"line":46,"column":6},"end":{"line":50,"column":7}},"10":{"start":{"line":47,"column":8},"end":{"line":47,"column":24}},"11":{"start":{"line":49,"column":8},"end":{"line":49,"column":59}},"12":{"start":{"line":53,"column":4},"end":{"line":53,"column":20}},"13":{"start":{"line":58,"column":4},"end":{"line":58,"column":58}},"14":{"start":{"line":63,"column":4},"end":{"line":63,"column":55}},"15":{"start":{"line":68,"column":4},"end":{"line":68,"column":58}},"16":{"start":{"line":73,"column":4},"end":{"line":73,"column":56}},"17":{"start":{"line":78,"column":4},"end":{"line":78,"column":51}},"18":{"start":{"line":83,"column":4},"end":{"line":83,"column":32}}},"fnMap":{"0":{"name":"(anonymous_0)","decl":{"start":{"line":19,"column":2},"end":{"line":19,"column":3}},"loc":{"start":{"line":19,"column":56},"end":{"line":24,"column":3}},"line":19},"1":{"name":"(anonymous_1)","decl":{"start":{"line":21,"column":11},"end":{"line":21,"column":12}},"loc":{"start":{"line":21,"column":17},"end":{"line":23,"column":5}},"line":21},"2":{"name":"(anonymous_2)","decl":{"start":{"line":22,"column":45},"end":{"line":22,"column":46}},"loc":{"start":{"line":22,"column":50},"end":{"line":22,"column":64}},"line":22},"3":{"name":"(anonymous_3)","decl":{"start":{"line":27,"column":2},"end":{"line":27,"column":3}},"loc":{"start":{"line":32,"column":12},"end":{"line":54,"column":3}},"line":32},"4":{"name":"(anonymous_4)","decl":{"start":{"line":45,"column":27},"end":{"line":45,"column":28}},"loc":{"start":{"line":45,"column":39},"end":{"line":51,"column":5}},"line":45},"5":{"name":"(anonymous_5)","decl":{"start":{"line":57,"column":2},"end":{"line":57,"column":3}},"loc":{"start":{"line":57,"column":76},"end":{"line":59,"column":3}},"line":57},"6":{"name":"(anonymous_6)","decl":{"start":{"line":62,"column":2},"end":{"line":62,"column":3}},"loc":{"start":{"line":62,"column":73},"end":{"line":64,"column":3}},"line":62},"7":{"name":"(anonymous_7)","decl":{"start":{"line":67,"column":2},"end":{"line":67,"column":3}},"loc":{"start":{"line":67,"column":76},"end":{"line":69,"column":3}},"line":67},"8":{"name":"(anonymous_8)","decl":{"start":{"line":72,"column":2},"end":{"line":72,"column":3}},"loc":{"start":{"line":72,"column":74},"end":{"line":74,"column":3}},"line":72},"9":{"name":"(anonymous_9)","decl":{"start":{"line":77,"column":2},"end":{"line":77,"column":3}},"loc":{"start":{"line":77,"column":74},"end":{"line":79,"column":3}},"line":77},"10":{"name":"(anonymous_10)","decl":{"start":{"line":82,"column":2},"end":{"line":82,"column":3}},"loc":{"start":{"line":82,"column":51},"end":{"line":84,"column":3}},"line":82}},"branchMap":{"0":{"loc":{"start":{"line":30,"column":4},"end":{"line":30,"column":59}},"type":"default-arg","locations":[{"start":{"line":30,"column":53},"end":{"line":30,"column":59}}],"line":30},"1":{"loc":{"start":{"line":31,"column":4},"end":{"line":31,"column":27}},"type":"default-arg","locations":[{"start":{"line":31,"column":23},"end":{"line":31,"column":27}}],"line":31}},"s":{"0":1,"1":1,"2":0,"3":0,"4":0,"5":0,"6":0,"7":0,"8":0,"9":0,"10":0,"11":0,"12":0,"13":0,"14":0,"15":0,"16":0,"17":0,"18":0},"f":{"0":0,"1":0,"2":0,"3":0,"4":0,"5":0,"6":0,"7":0,"8":0,"9":0,"10":0},"b":{"0":[0],"1":[0]},"_coverageSchema":"1a1c01bbd47fc00a2c39e90264f33305004495a9","hash":"e2963e3676b54d5b7307ef7e01482091d05bd388"}
,"C:\\Users\\PC\\Desktop\\shopmind\\ShopMind\\ShopMind\\src\\services\\userOrderService.ts": {"path":"C:\\Users\\PC\\Desktop\\shopmind\\ShopMind\\ShopMind\\src\\services\\userOrderService.ts","statementMap":{"0":{"start":{"line":54,"column":4},"end":{"line":88,"column":5}},"1":{"start":{"line":55,"column":23},"end":{"line":61,"column":8}},"2":{"start":{"line":63,"column":19},"end":{"line":63,"column":40}},"3":{"start":{"line":65,"column":6},"end":{"line":72,"column":7}},"4":{"start":{"line":66,"column":8},"end":{"line":71,"column":10}},"5":{"start":{"line":74,"column":6},"end":{"line":79,"column":8}},"6":{"start":{"line":81,"column":6},"end":{"line":81,"column":58}},"7":{"start":{"line":82,"column":6},"end":{"line":87,"column":8}},"8":{"start":{"line":100,"column":4},"end":{"line":167,"column":5}},"9":{"start":{"line":102,"column":23},"end":{"line":102,"column":42}},"10":{"start":{"line":104,"column":23},"end":{"line":110,"column":8}},"11":{"start":{"line":112,"column":19},"end":{"line":112,"column":40}},"12":{"start":{"line":114,"column":6},"end":{"line":131,"column":7}},"13":{"start":{"line":115,"column":8},"end":{"line":130,"column":10}},"14":{"start":{"line":133,"column":6},"end":{"line":148,"column":8}},"15":{"start":{"line":150,"column":6},"end":{"line":150,"column":68}},"16":{"start":{"line":151,"column":6},"end":{"line":166,"column":8}},"17":{"start":{"line":174,"column":4},"end":{"line":176,"column":5}},"18":{"start":{"line":175,"column":6},"end":{"line":175,"column":20}},"19":{"start":{"line":177,"column":4},"end":{"line":177,"column":59}},"20":{"start":{"line":177,"column":34},"end":{"line":177,"column":57}},"21":{"start":{"line":184,"column":21},"end":{"line":184,"column":38}},"22":{"start":{"line":185,"column":4},"end":{"line":185,"column":56}},"23":{"start":{"line":185,"column":28},"end":{"line":185,"column":54}},"24":{"start":{"line":186,"column":4},"end":{"line":186,"column":51}},"25":{"start":{"line":193,"column":17},"end":{"line":193,"column":37}},"26":{"start":{"line":194,"column":4},"end":{"line":200,"column":7}},"27":{"start":{"line":207,"column":4},"end":{"line":220,"column":5}},"28":{"start":{"line":209,"column":8},"end":{"line":209,"column":25}},"29":{"start":{"line":211,"column":8},"end":{"line":211,"column":25}},"30":{"start":{"line":213,"column":8},"end":{"line":213,"column":25}},"31":{"start":{"line":215,"column":8},"end":{"line":215,"column":25}},"32":{"start":{"line":217,"column":8},"end":{"line":217,"column":25}},"33":{"start":{"line":219,"column":8},"end":{"line":219,"column":25}},"34":{"start":{"line":227,"column":4},"end":{"line":240,"column":5}},"35":{"start":{"line":229,"column":8},"end":{"line":229,"column":25}},"36":{"start":{"line":231,"column":8},"end":{"line":231,"column":25}},"37":{"start":{"line":233,"column":8},"end":{"line":233,"column":25}},"38":{"start":{"line":235,"column":8},"end":{"line":235,"column":25}},"39":{"start":{"line":237,"column":8},"end":{"line":237,"column":25}},"40":{"start":{"line":239,"column":8},"end":{"line":239,"column":25}}},"fnMap":{"0":{"name":"(anonymous_0)","decl":{"start":{"line":53,"column":2},"end":{"line":53,"column":3}},"loc":{"start":{"line":53,"column":89},"end":{"line":89,"column":3}},"line":53},"1":{"name":"(anonymous_1)","decl":{"start":{"line":94,"column":2},"end":{"line":94,"column":3}},"loc":{"start":{"line":99,"column":42},"end":{"line":168,"column":3}},"line":99},"2":{"name":"(anonymous_2)","decl":{"start":{"line":173,"column":2},"end":{"line":173,"column":3}},"loc":{"start":{"line":173,"column":72},"end":{"line":178,"column":3}},"line":173},"3":{"name":"(anonymous_3)","decl":{"start":{"line":177,"column":25},"end":{"line":177,"column":26}},"loc":{"start":{"line":177,"column":34},"end":{"line":177,"column":57}},"line":177},"4":{"name":"(anonymous_4)","decl":{"start":{"line":183,"column":2},"end":{"line":183,"column":3}},"loc":{"start":{"line":183,"column":54},"end":{"line":187,"column":3}},"line":183},"5":{"name":"(anonymous_5)","decl":{"start":{"line":185,"column":19},"end":{"line":185,"column":20}},"loc":{"start":{"line":185,"column":28},"end":{"line":185,"column":54}},"line":185},"6":{"name":"(anonymous_6)","decl":{"start":{"line":192,"column":2},"end":{"line":192,"column":3}},"loc":{"start":{"line":192,"column":53},"end":{"line":201,"column":3}},"line":192},"7":{"name":"(anonymous_7)","decl":{"start":{"line":206,"column":2},"end":{"line":206,"column":3}},"loc":{"start":{"line":206,"column":48},"end":{"line":221,"column":3}},"line":206},"8":{"name":"(anonymous_8)","decl":{"start":{"line":226,"column":2},"end":{"line":226,"column":3}},"loc":{"start":{"line":226,"column":58},"end":{"line":241,"column":3}},"line":226}},"branchMap":{"0":{"loc":{"start":{"line":65,"column":6},"end":{"line":72,"column":7}},"type":"if","locations":[{"start":{"line":65,"column":6},"end":{"line":72,"column":7}},{"start":{},"end":{}}],"line":65},"1":{"loc":{"start":{"line":68,"column":19},"end":{"line":68,"column":59}},"type":"binary-expr","locations":[{"start":{"line":68,"column":19},"end":{"line":68,"column":31}},{"start":{"line":68,"column":35},"end":{"line":68,"column":59}}],"line":68},"2":{"loc":{"start":{"line":77,"column":16},"end":{"line":77,"column":33}},"type":"binary-expr","locations":[{"start":{"line":77,"column":16},"end":{"line":77,"column":27}},{"start":{"line":77,"column":31},"end":{"line":77,"column":33}}],"line":77},"3":{"loc":{"start":{"line":78,"column":21},"end":{"line":78,"column":42}},"type":"binary-expr","locations":[{"start":{"line":78,"column":21},"end":{"line":78,"column":37}},{"start":{"line":78,"column":41},"end":{"line":78,"column":42}}],"line":78},"4":{"loc":{"start":{"line":97,"column":4},"end":{"line":97,"column":20}},"type":"default-arg","locations":[{"start":{"line":97,"column":19},"end":{"line":97,"column":20}}],"line":97},"5":{"loc":{"start":{"line":98,"column":4},"end":{"line":98,"column":20}},"type":"default-arg","locations":[{"start":{"line":98,"column":19},"end":{"line":98,"column":20}}],"line":98},"6":{"loc":{"start":{"line":114,"column":6},"end":{"line":131,"column":7}},"type":"if","locations":[{"start":{"line":114,"column":6},"end":{"line":131,"column":7}},{"start":{},"end":{}}],"line":114},"7":{"loc":{"start":{"line":117,"column":19},"end":{"line":117,"column":59}},"type":"binary-expr","locations":[{"start":{"line":117,"column":19},"end":{"line":117,"column":31}},{"start":{"line":117,"column":35},"end":{"line":117,"column":59}}],"line":117},"8":{"loc":{"start":{"line":136,"column":16},"end":{"line":136,"column":33}},"type":"binary-expr","locations":[{"start":{"line":136,"column":16},"end":{"line":136,"column":27}},{"start":{"line":136,"column":31},"end":{"line":136,"column":33}}],"line":136},"9":{"loc":{"start":{"line":137,"column":21},"end":{"line":137,"column":42}},"type":"binary-expr","locations":[{"start":{"line":137,"column":21},"end":{"line":137,"column":37}},{"start":{"line":137,"column":41},"end":{"line":137,"column":42}}],"line":137},"10":{"loc":{"start":{"line":138,"column":20},"end":{"line":147,"column":9}},"type":"binary-expr","locations":[{"start":{"line":138,"column":20},"end":{"line":138,"column":35}},{"start":{"line":138,"column":39},"end":{"line":147,"column":9}}],"line":138},"11":{"loc":{"start":{"line":141,"column":25},"end":{"line":141,"column":46}},"type":"binary-expr","locations":[{"start":{"line":141,"column":25},"end":{"line":141,"column":41}},{"start":{"line":141,"column":45},"end":{"line":141,"column":46}}],"line":141},"12":{"loc":{"start":{"line":142,"column":33},"end":{"line":142,"column":54}},"type":"binary-expr","locations":[{"start":{"line":142,"column":33},"end":{"line":142,"column":49}},{"start":{"line":142,"column":53},"end":{"line":142,"column":54}}],"line":142},"13":{"loc":{"start":{"line":174,"column":4},"end":{"line":176,"column":5}},"type":"if","locations":[{"start":{"line":174,"column":4},"end":{"line":176,"column":5}},{"start":{},"end":{}}],"line":174},"14":{"loc":{"start":{"line":207,"column":4},"end":{"line":220,"column":5}},"type":"switch","locations":[{"start":{"line":208,"column":6},"end":{"line":209,"column":25}},{"start":{"line":210,"column":6},"end":{"line":211,"column":25}},{"start":{"line":212,"column":6},"end":{"line":213,"column":25}},{"start":{"line":214,"column":6},"end":{"line":215,"column":25}},{"start":{"line":216,"column":6},"end":{"line":217,"column":25}},{"start":{"line":218,"column":6},"end":{"line":219,"column":25}}],"line":207},"15":{"loc":{"start":{"line":227,"column":4},"end":{"line":240,"column":5}},"type":"switch","locations":[{"start":{"line":228,"column":6},"end":{"line":229,"column":25}},{"start":{"line":230,"column":6},"end":{"line":231,"column":25}},{"start":{"line":232,"column":6},"end":{"line":233,"column":25}},{"start":{"line":234,"column":6},"end":{"line":235,"column":25}},{"start":{"line":236,"column":6},"end":{"line":237,"column":25}},{"start":{"line":238,"column":6},"end":{"line":239,"column":25}}],"line":227}},"s":{"0":0,"1":0,"2":0,"3":0,"4":0,"5":0,"6":0,"7":0,"8":0,"9":0,"10":0,"11":0,"12":0,"13":0,"14":0,"15":0,"16":0,"17":0,"18":0,"19":0,"20":0,"21":0,"22":0,"23":0,"24":0,"25":0,"26":0,"27":0,"28":0,"29":0,"30":0,"31":0,"32":0,"33":0,"34":0,"35":0,"36":0,"37":0,"38":0,"39":0,"40":0},"f":{"0":0,"1":0,"2":0,"3":0,"4":0,"5":0,"6":0,"7":0,"8":0},"b":{"0":[0,0],"1":[0,0],"2":[0,0],"3":[0,0],"4":[0],"5":[0],"6":[0,0],"7":[0,0],"8":[0,0],"9":[0,0],"10":[0,0],"11":[0,0],"12":[0,0],"13":[0,0],"14":[0,0,0,0,0,0],"15":[0,0,0,0,0,0]},"_coverageSchema":"1a1c01bbd47fc00a2c39e90264f33305004495a9","hash":"432fa3e96c4d3634488e656237f58b63b82ce0e1"}
,"C:\\Users\\PC\\Desktop\\shopmind\\ShopMind\\ShopMind\\src\\types\\Discount.ts": {"path":"C:\\Users\\PC\\Desktop\\shopmind\\ShopMind\\ShopMind\\src\\types\\Discount.ts","statementMap":{},"fnMap":{},"branchMap":{},"s":{},"f":{},"b":{},"_coverageSchema":"1a1c01bbd47fc00a2c39e90264f33305004495a9","hash":"4a95fb7f6337cc1c8377e5c34bbcaca6451e7b76"}
}
