TN:
SF:src\components\BottomNavigation.tsx
FN:11,(anonymous_0)
FN:21,(anonymous_1)
FN:28,(anonymous_2)
FNF:3
FNH:2
FNDA:3,(anonymous_0)
FNDA:12,(anonymous_1)
FNDA:0,(anonymous_2)
DA:4,1
DA:11,1
DA:12,3
DA:19,3
DA:22,12
DA:28,0
DA:48,1
LF:7
LH:6
BRDA:26,0,0,12
BRDA:26,0,1,3
BRDA:32,1,0,12
BRDA:32,1,1,3
BRDA:38,2,0,12
BRDA:38,2,1,3
BRF:6
BRH:6
end_of_record
TN:
SF:src\components\DiscountDetailsModal.tsx
FN:26,(anonymous_0)
FN:35,(anonymous_1)
FN:43,(anonymous_2)
FN:58,(anonymous_3)
FN:65,(anonymous_4)
FN:72,(anonymous_5)
FN:193,(anonymous_6)
FNF:7
FNH:0
FNDA:0,(anonymous_0)
FNDA:0,(anonymous_1)
FNDA:0,(anonymous_2)
FNDA:0,(anonymous_3)
FNDA:0,(anonymous_4)
FNDA:0,(anonymous_5)
FNDA:0,(anonymous_6)
DA:17,1
DA:26,1
DA:32,0
DA:33,0
DA:35,0
DA:36,0
DA:37,0
DA:39,0
DA:43,0
DA:44,0
DA:46,0
DA:47,0
DA:48,0
DA:49,0
DA:51,0
DA:52,0
DA:54,0
DA:58,0
DA:59,0
DA:60,0
DA:61,0
DA:65,0
DA:66,0
DA:67,0
DA:72,0
DA:73,0
DA:74,0
DA:75,0
DA:76,0
DA:77,0
DA:80,0
DA:82,0
DA:194,0
DA:257,1
LF:34
LH:3
BRDA:36,0,0,0
BRDA:36,0,1,0
BRDA:36,1,0,0
BRDA:36,1,1,0
BRDA:44,2,0,0
BRDA:44,2,1,0
BRDA:59,3,0,0
BRDA:59,3,1,0
BRDA:59,4,0,0
BRDA:59,4,1,0
BRDA:66,5,0,0
BRDA:66,5,1,0
BRDA:67,6,0,0
BRDA:67,6,1,0
BRDA:73,7,0,0
BRDA:73,7,1,0
BRDA:77,8,0,0
BRDA:77,8,1,0
BRDA:80,9,0,0
BRDA:80,9,1,0
BRDA:102,10,0,0
BRDA:102,10,1,0
BRDA:105,11,0,0
BRDA:105,11,1,0
BRDA:127,12,0,0
BRDA:127,12,1,0
BRDA:131,13,0,0
BRDA:131,13,1,0
BRDA:134,14,0,0
BRDA:134,14,1,0
BRDA:153,15,0,0
BRDA:153,15,1,0
BRDA:171,16,0,0
BRDA:171,16,1,0
BRDA:176,17,0,0
BRDA:176,17,1,0
BRDA:179,18,0,0
BRDA:179,18,1,0
BRDA:189,19,0,0
BRDA:189,19,1,0
BRDA:189,19,2,0
BRDA:196,20,0,0
BRDA:196,20,1,0
BRDA:211,21,0,0
BRDA:211,21,1,0
BRDA:218,22,0,0
BRDA:218,22,1,0
BRDA:222,23,0,0
BRDA:222,23,1,0
BRDA:239,24,0,0
BRDA:239,24,1,0
BRDA:239,24,2,0
BRF:52
BRH:0
end_of_record
TN:
SF:src\components\NotificationCard.tsx
FN:14,(anonymous_0)
FN:20,(anonymous_1)
FN:39,(anonymous_2)
FN:58,(anonymous_3)
FN:87,(anonymous_4)
FN:132,(anonymous_5)
FN:141,(anonymous_6)
FNF:7
FNH:0
FNDA:0,(anonymous_0)
FNDA:0,(anonymous_1)
FNDA:0,(anonymous_2)
FNDA:0,(anonymous_3)
FNDA:0,(anonymous_4)
FNDA:0,(anonymous_5)
FNDA:0,(anonymous_6)
DA:14,1
DA:20,0
DA:21,0
DA:23,0
DA:25,0
DA:27,0
DA:29,0
DA:31,0
DA:33,0
DA:35,0
DA:39,0
DA:40,0
DA:42,0
DA:44,0
DA:46,0
DA:48,0
DA:50,0
DA:52,0
DA:54,0
DA:58,0
DA:59,0
DA:60,0
DA:61,0
DA:62,0
DA:63,0
DA:64,0
DA:65,0
DA:67,0
DA:68,0
DA:69,0
DA:70,0
DA:72,0
DA:74,0
DA:78,0
DA:79,0
DA:81,0
DA:87,0
DA:132,0
DA:141,0
DA:152,1
LF:40
LH:2
BRDA:21,0,0,0
BRDA:21,0,1,0
BRDA:21,0,2,0
BRDA:21,0,3,0
BRDA:21,0,4,0
BRDA:21,0,5,0
BRDA:21,0,6,0
BRDA:40,1,0,0
BRDA:40,1,1,0
BRDA:40,1,2,0
BRDA:40,1,3,0
BRDA:40,1,4,0
BRDA:40,1,5,0
BRDA:40,1,6,0
BRDA:67,2,0,0
BRDA:67,2,1,0
BRDA:68,3,0,0
BRDA:68,3,1,0
BRDA:69,4,0,0
BRDA:69,4,1,0
BRDA:70,5,0,0
BRDA:70,5,1,0
BRDA:85,6,0,0
BRDA:85,6,1,0
BRDA:103,7,0,0
BRDA:103,7,1,0
BRDA:121,8,0,0
BRDA:121,8,1,0
BRDA:129,9,0,0
BRDA:129,9,1,0
BRF:30
BRH:0
end_of_record
TN:
SF:src\components\UserOrdersComponent.tsx
FN:24,(anonymous_0)
FN:40,(anonymous_1)
FN:48,(anonymous_2)
FN:52,(anonymous_3)
FN:68,(anonymous_4)
FN:98,(anonymous_5)
FN:107,(anonymous_6)
FN:115,(anonymous_7)
FN:122,(anonymous_8)
FN:127,(anonymous_9)
FN:158,(anonymous_10)
FN:197,(anonymous_11)
FN:203,(anonymous_12)
FN:214,(anonymous_13)
FN:227,(anonymous_14)
FN:277,(anonymous_15)
FN:288,(anonymous_16)
FNF:17
FNH:0
FNDA:0,(anonymous_0)
FNDA:0,(anonymous_1)
FNDA:0,(anonymous_2)
FNDA:0,(anonymous_3)
FNDA:0,(anonymous_4)
FNDA:0,(anonymous_5)
FNDA:0,(anonymous_6)
FNDA:0,(anonymous_7)
FNDA:0,(anonymous_8)
FNDA:0,(anonymous_9)
FNDA:0,(anonymous_10)
FNDA:0,(anonymous_11)
FNDA:0,(anonymous_12)
FNDA:0,(anonymous_13)
FNDA:0,(anonymous_14)
FNDA:0,(anonymous_15)
FNDA:0,(anonymous_16)
DA:17,1
DA:24,1
DA:25,0
DA:26,0
DA:27,0
DA:28,0
DA:29,0
DA:30,0
DA:31,0
DA:32,0
DA:35,0
DA:36,0
DA:37,0
DA:38,0
DA:40,0
DA:42,0
DA:43,0
DA:44,0
DA:45,0
DA:48,0
DA:49,0
DA:52,0
DA:53,0
DA:54,0
DA:56,0
DA:59,0
DA:60,0
DA:61,0
DA:63,0
DA:65,0
DA:66,0
DA:68,0
DA:71,0
DA:73,0
DA:74,0
DA:78,0
DA:79,0
DA:80,0
DA:82,0
DA:84,0
DA:87,0
DA:88,0
DA:90,0
DA:91,0
DA:93,0
DA:98,0
DA:99,0
DA:100,0
DA:101,0
DA:102,0
DA:103,0
DA:104,0
DA:107,0
DA:108,0
DA:109,0
DA:110,0
DA:111,0
DA:115,0
DA:116,0
DA:117,0
DA:118,0
DA:119,0
DA:122,0
DA:123,0
DA:124,0
DA:127,0
DA:128,0
DA:159,0
DA:197,0
DA:198,0
DA:203,0
DA:214,0
DA:215,0
DA:227,0
DA:228,0
DA:230,0
DA:238,0
DA:239,0
DA:247,0
DA:248,0
DA:260,0
DA:277,0
DA:288,0
DA:304,1
LF:84
LH:3
BRDA:52,0,0,0
BRDA:52,1,0,0
BRDA:52,2,0,0
BRDA:53,3,0,0
BRDA:53,3,1,0
BRDA:65,4,0,0
BRDA:65,4,1,0
BRDA:66,5,0,0
BRDA:66,5,1,0
BRDA:90,6,0,0
BRDA:90,6,1,0
BRDA:108,7,0,0
BRDA:108,7,1,0
BRDA:108,8,0,0
BRDA:108,8,1,0
BRDA:108,8,2,0
BRDA:152,9,0,0
BRDA:152,9,1,0
BRDA:160,10,0,0
BRDA:160,10,1,0
BRDA:181,11,0,0
BRDA:181,11,1,0
BRDA:201,12,0,0
BRDA:201,12,1,0
BRDA:207,13,0,0
BRDA:207,13,1,0
BRDA:219,14,0,0
BRDA:219,14,1,0
BRDA:228,15,0,0
BRDA:228,15,1,0
BRDA:238,16,0,0
BRDA:238,16,1,0
BRDA:247,17,0,0
BRDA:247,17,1,0
BRDA:266,18,0,0
BRDA:266,18,1,0
BRDA:267,19,0,0
BRDA:267,19,1,0
BRDA:297,20,0,0
BRDA:297,20,1,0
BRF:40
BRH:0
end_of_record
TN:
SF:src\config\apiConfig.ts
FN:102,(anonymous_0)
FN:103,(anonymous_1)
FN:118,(anonymous_2)
FN:119,(anonymous_3)
FN:120,(anonymous_4)
FN:144,(anonymous_5)
FNF:6
FNH:0
FNDA:0,(anonymous_0)
FNDA:0,(anonymous_1)
FNDA:0,(anonymous_2)
FNDA:0,(anonymous_3)
FNDA:0,(anonymous_4)
FNDA:0,(anonymous_5)
DA:3,3
DA:49,3
DA:50,0
DA:52,3
DA:53,0
DA:55,3
DA:56,0
DA:58,3
DA:59,0
DA:61,3
DA:62,0
DA:63,0
DA:65,3
DA:66,3
DA:67,0
DA:71,3
DA:77,3
DA:78,3
DA:79,3
DA:80,3
DA:81,3
DA:82,3
DA:83,3
DA:84,3
DA:87,3
DA:88,3
DA:94,3
DA:100,3
DA:102,0
DA:104,0
DA:108,3
DA:113,3
DA:114,3
DA:118,0
DA:119,0
DA:120,0
DA:144,3
DA:150,0
DA:151,0
LF:39
LH:25
BRDA:49,0,0,0
BRDA:49,0,1,3
BRDA:52,1,0,0
BRDA:52,1,1,3
BRDA:55,2,0,0
BRDA:55,2,1,3
BRDA:58,3,0,0
BRDA:58,3,1,3
BRDA:61,4,0,0
BRDA:61,4,1,3
BRDA:66,5,0,0
BRDA:66,5,1,3
BRDA:103,6,0,0
BRDA:103,7,0,0
BRDA:146,8,0,0
BRDA:147,9,0,0
BRF:16
BRH:6
end_of_record
TN:
SF:src\hooks\useAppStateNotifications.ts
FN:11,(anonymous_0)
FN:21,(anonymous_1)
FN:22,(anonymous_2)
FN:36,(anonymous_3)
FN:37,(anonymous_4)
FN:55,(anonymous_5)
FN:59,(anonymous_6)
FN:110,(anonymous_7)
FN:115,(anonymous_8)
FN:125,(anonymous_9)
FNF:10
FNH:0
FNDA:0,(anonymous_0)
FNDA:0,(anonymous_1)
FNDA:0,(anonymous_2)
FNDA:0,(anonymous_3)
FNDA:0,(anonymous_4)
FNDA:0,(anonymous_5)
FNDA:0,(anonymous_6)
FNDA:0,(anonymous_7)
FNDA:0,(anonymous_8)
FNDA:0,(anonymous_9)
DA:11,1
DA:15,0
DA:16,0
DA:17,0
DA:18,0
DA:21,0
DA:22,0
DA:23,0
DA:24,0
DA:25,0
DA:26,0
DA:28,0
DA:32,0
DA:36,0
DA:37,0
DA:38,0
DA:40,0
DA:42,0
DA:43,0
DA:44,0
DA:46,0
DA:47,0
DA:48,0
DA:51,0
DA:54,0
DA:55,0
DA:59,0
DA:60,0
DA:62,0
DA:63,0
DA:67,0
DA:68,0
DA:71,0
DA:72,0
DA:73,0
DA:74,0
DA:78,0
DA:83,0
DA:84,0
DA:87,0
DA:90,0
DA:93,0
DA:94,0
DA:103,0
DA:105,0
DA:110,0
DA:111,0
DA:115,0
DA:116,0
DA:117,0
DA:118,0
DA:120,0
DA:125,0
DA:126,0
DA:127,0
DA:137,0
DA:139,0
DA:143,0
LF:58
LH:1
BRDA:40,0,0,0
BRDA:40,0,1,0
BRDA:40,1,0,0
BRDA:40,1,1,0
BRDA:44,2,0,0
BRDA:44,2,1,0
BRDA:63,3,0,0
BRDA:63,3,1,0
BRDA:72,4,0,0
BRDA:72,4,1,0
BRDA:83,5,0,0
BRDA:83,5,1,0
BRDA:93,6,0,0
BRDA:93,6,1,0
BRF:14
BRH:0
end_of_record
TN:
SF:src\hooks\useNotifications.ts
FN:19,(anonymous_0)
FN:26,(anonymous_1)
FN:29,(anonymous_2)
FN:37,(anonymous_3)
FN:38,(anonymous_4)
FN:39,(anonymous_5)
FN:44,(anonymous_6)
FN:59,(anonymous_7)
FN:61,(anonymous_8)
FN:63,(anonymous_9)
FN:81,(anonymous_10)
FN:88,(anonymous_11)
FN:92,(anonymous_12)
FN:93,(anonymous_13)
FN:104,(anonymous_14)
FN:106,(anonymous_15)
FN:106,(anonymous_16)
FN:110,(anonymous_17)
FN:111,(anonymous_18)
FN:121,(anonymous_19)
FN:126,(anonymous_20)
FN:127,(anonymous_21)
FN:128,(anonymous_22)
FN:132,(anonymous_23)
FN:142,(anonymous_24)
FN:155,(anonymous_25)
FN:160,(anonymous_26)
FN:164,(anonymous_27)
FN:172,(anonymous_28)
FN:180,(anonymous_29)
FN:184,(anonymous_30)
FN:191,(anonymous_31)
FN:205,(anonymous_32)
FN:206,(anonymous_33)
FN:214,(anonymous_34)
FN:224,(anonymous_35)
FNF:36
FNH:0
FNDA:0,(anonymous_0)
FNDA:0,(anonymous_1)
FNDA:0,(anonymous_2)
FNDA:0,(anonymous_3)
FNDA:0,(anonymous_4)
FNDA:0,(anonymous_5)
FNDA:0,(anonymous_6)
FNDA:0,(anonymous_7)
FNDA:0,(anonymous_8)
FNDA:0,(anonymous_9)
FNDA:0,(anonymous_10)
FNDA:0,(anonymous_11)
FNDA:0,(anonymous_12)
FNDA:0,(anonymous_13)
FNDA:0,(anonymous_14)
FNDA:0,(anonymous_15)
FNDA:0,(anonymous_16)
FNDA:0,(anonymous_17)
FNDA:0,(anonymous_18)
FNDA:0,(anonymous_19)
FNDA:0,(anonymous_20)
FNDA:0,(anonymous_21)
FNDA:0,(anonymous_22)
FNDA:0,(anonymous_23)
FNDA:0,(anonymous_24)
FNDA:0,(anonymous_25)
FNDA:0,(anonymous_26)
FNDA:0,(anonymous_27)
FNDA:0,(anonymous_28)
FNDA:0,(anonymous_29)
FNDA:0,(anonymous_30)
FNDA:0,(anonymous_31)
FNDA:0,(anonymous_32)
FNDA:0,(anonymous_33)
FNDA:0,(anonymous_34)
FNDA:0,(anonymous_35)
DA:19,1
DA:20,0
DA:21,0
DA:22,0
DA:23,0
DA:26,0
DA:29,0
DA:30,0
DA:32,0
DA:33,0
DA:34,0
DA:37,0
DA:38,0
DA:39,0
DA:41,0
DA:44,0
DA:45,0
DA:48,0
DA:49,0
DA:52,0
DA:54,0
DA:59,0
DA:60,0
DA:61,0
DA:63,0
DA:64,0
DA:65,0
DA:66,0
DA:70,0
DA:76,0
DA:78,0
DA:81,0
DA:82,0
DA:88,0
DA:89,0
DA:90,0
DA:91,0
DA:92,0
DA:93,0
DA:94,0
DA:99,0
DA:104,0
DA:105,0
DA:106,0
DA:107,0
DA:108,0
DA:109,0
DA:110,0
DA:111,0
DA:116,0
DA:121,0
DA:122,0
DA:126,0
DA:127,0
DA:128,0
DA:132,0
DA:133,0
DA:135,0
DA:136,0
DA:137,0
DA:138,0
DA:142,0
DA:143,0
DA:144,0
DA:148,0
DA:151,0
DA:154,0
DA:156,0
DA:157,0
DA:160,0
DA:161,0
DA:165,0
DA:166,0
DA:168,0
DA:172,0
DA:173,0
DA:174,0
DA:177,0
DA:178,0
DA:179,0
DA:181,0
DA:182,0
DA:185,0
DA:191,0
DA:192,0
DA:194,0
DA:195,0
DA:196,0
DA:205,0
DA:206,0
DA:207,0
DA:208,0
DA:214,0
DA:215,0
DA:216,0
DA:217,0
DA:219,0
DA:224,0
DA:225,0
DA:228,0
LF:100
LH:1
BRDA:30,0,0,0
BRDA:30,0,1,0
BRDA:64,1,0,0
BRDA:64,1,1,0
BRDA:72,2,0,0
BRDA:72,2,1,0
BRDA:91,3,0,0
BRDA:91,3,1,0
BRDA:94,4,0,0
BRDA:94,4,1,0
BRDA:107,5,0,0
BRDA:107,5,1,0
BRDA:109,6,0,0
BRDA:109,6,1,0
BRDA:133,7,0,0
BRDA:133,7,1,0
BRDA:177,8,0,0
BRDA:177,8,1,0
BRDA:177,9,0,0
BRDA:177,9,1,0
BRDA:194,10,0,0
BRDA:194,10,1,0
BRDA:207,11,0,0
BRDA:207,11,1,0
BRF:24
BRH:0
end_of_record
TN:
SF:src\navigation\CartNavigation.tsx
FN:14,(anonymous_0)
FN:17,(anonymous_1)
FN:21,(anonymous_2)
FN:25,(anonymous_3)
FNF:4
FNH:0
FNDA:0,(anonymous_0)
FNDA:0,(anonymous_1)
FNDA:0,(anonymous_2)
FNDA:0,(anonymous_3)
DA:14,1
DA:15,0
DA:17,0
DA:18,0
DA:21,0
DA:22,0
DA:25,0
DA:27,0
DA:30,0
LF:9
LH:1
BRDA:32,0,0,0
BRDA:32,0,1,0
BRDA:39,1,0,0
BRDA:39,1,1,0
BRF:4
BRH:0
end_of_record
TN:
SF:src\screens\AccountScreen.tsx
FN:15,(anonymous_0)
FN:55,(anonymous_1)
FN:129,(anonymous_2)
FNF:3
FNH:0
FNDA:0,(anonymous_0)
FNDA:0,(anonymous_1)
FNDA:0,(anonymous_2)
DA:7,1
DA:15,1
DA:16,0
DA:28,0
DA:55,0
DA:130,0
DA:171,1
LF:7
LH:3
BRDA:47,0,0,0
BRDA:47,0,1,0
BRDA:61,1,0,0
BRDA:61,1,1,0
BRDA:64,2,0,0
BRDA:64,2,1,0
BRDA:138,3,0,0
BRDA:138,3,1,0
BRF:8
BRH:0
end_of_record
TN:
SF:src\screens\CartScreen.tsx
FN:19,(anonymous_0)
FN:29,(anonymous_1)
FN:37,(anonymous_2)
FN:67,(anonymous_3)
FN:90,(anonymous_4)
FN:97,(anonymous_5)
FNF:6
FNH:0
FNDA:0,(anonymous_0)
FNDA:0,(anonymous_1)
FNDA:0,(anonymous_2)
FNDA:0,(anonymous_3)
FNDA:0,(anonymous_4)
FNDA:0,(anonymous_5)
DA:5,1
DA:19,1
DA:27,0
DA:29,0
DA:30,0
DA:31,0
DA:33,0
DA:37,0
DA:38,0
DA:39,0
DA:41,0
DA:45,0
DA:68,0
DA:90,0
DA:97,0
DA:156,1
LF:16
LH:3
BRDA:50,0,0,0
BRDA:50,0,1,0
BRDA:55,1,0,0
BRDA:55,1,1,0
BRDA:70,2,0,0
BRDA:70,2,1,0
BRDA:141,3,0,0
BRDA:141,3,1,0
BRF:8
BRH:0
end_of_record
TN:
SF:src\screens\CheckoutScreen.tsx
FN:26,(anonymous_0)
FN:54,(anonymous_1)
FN:58,(anonymous_2)
FN:67,(anonymous_3)
FN:92,(anonymous_4)
FN:111,(anonymous_5)
FN:121,(anonymous_6)
FN:137,(anonymous_7)
FN:151,(anonymous_8)
FN:252,(anonymous_9)
FN:293,(anonymous_10)
FN:374,(anonymous_11)
FN:411,(anonymous_12)
FN:419,(anonymous_13)
FN:437,(anonymous_14)
FN:453,(anonymous_15)
FN:457,(anonymous_16)
FNF:17
FNH:0
FNDA:0,(anonymous_0)
FNDA:0,(anonymous_1)
FNDA:0,(anonymous_2)
FNDA:0,(anonymous_3)
FNDA:0,(anonymous_4)
FNDA:0,(anonymous_5)
FNDA:0,(anonymous_6)
FNDA:0,(anonymous_7)
FNDA:0,(anonymous_8)
FNDA:0,(anonymous_9)
FNDA:0,(anonymous_10)
FNDA:0,(anonymous_11)
FNDA:0,(anonymous_12)
FNDA:0,(anonymous_13)
FNDA:0,(anonymous_14)
FNDA:0,(anonymous_15)
FNDA:0,(anonymous_16)
DA:26,1
DA:31,0
DA:41,0
DA:42,0
DA:43,0
DA:44,0
DA:47,0
DA:48,0
DA:49,0
DA:50,0
DA:51,0
DA:54,0
DA:55,0
DA:58,0
DA:59,0
DA:60,0
DA:61,0
DA:63,0
DA:67,0
DA:68,0
DA:69,0
DA:70,0
DA:71,0
DA:74,0
DA:75,0
DA:76,0
DA:77,0
DA:78,0
DA:79,0
DA:80,0
DA:82,0
DA:85,0
DA:86,0
DA:88,0
DA:92,0
DA:93,0
DA:94,0
DA:98,0
DA:99,0
DA:111,0
DA:112,0
DA:113,0
DA:114,0
DA:117,0
DA:119,0
DA:121,0
DA:122,0
DA:123,0
DA:124,0
DA:125,0
DA:129,0
DA:133,0
DA:137,0
DA:150,0
DA:151,0
DA:158,0
DA:160,0
DA:161,0
DA:165,0
DA:168,0
DA:169,0
DA:171,0
DA:174,0
DA:178,0
DA:179,0
DA:180,0
DA:184,0
DA:187,0
DA:188,0
DA:191,0
DA:192,0
DA:198,0
DA:200,0
DA:202,0
DA:213,0
DA:220,0
DA:226,0
DA:227,0
DA:232,0
DA:236,0
DA:253,0
DA:293,0
DA:375,0
DA:411,0
DA:419,0
DA:437,0
DA:454,0
DA:457,0
DA:486,1
LF:89
LH:2
BRDA:68,0,0,0
BRDA:68,0,1,0
BRDA:69,1,0,0
BRDA:69,1,1,0
BRDA:77,2,0,0
BRDA:77,2,1,0
BRDA:98,3,0,0
BRDA:98,3,1,0
BRDA:112,4,0,0
BRDA:112,4,1,0
BRDA:122,5,0,0
BRDA:122,5,1,0
BRDA:129,6,0,0
BRDA:129,6,1,0
BRDA:144,7,0,0
BRDA:144,7,1,0
BRDA:160,8,0,0
BRDA:160,8,1,0
BRDA:160,9,0,0
BRDA:160,9,1,0
BRDA:163,10,0,0
BRDA:163,10,1,0
BRDA:169,11,0,0
BRDA:169,11,1,0
BRDA:178,12,0,0
BRDA:178,12,1,0
BRDA:182,13,0,0
BRDA:182,13,1,0
BRDA:187,14,0,0
BRDA:187,14,1,0
BRDA:191,15,0,0
BRDA:191,15,1,0
BRDA:191,16,0,0
BRDA:191,16,1,0
BRDA:191,16,2,0
BRDA:198,17,0,0
BRDA:198,17,1,0
BRDA:269,18,0,0
BRDA:269,18,1,0
BRDA:297,19,0,0
BRDA:297,19,1,0
BRDA:299,20,0,0
BRDA:299,20,1,0
BRDA:323,21,0,0
BRDA:323,21,1,0
BRDA:334,22,0,0
BRDA:334,22,1,0
BRDA:354,23,0,0
BRDA:354,23,1,0
BRDA:388,24,0,0
BRDA:388,24,1,0
BRDA:388,24,2,0
BRDA:391,25,0,0
BRDA:391,25,1,0
BRDA:393,26,0,0
BRDA:393,26,1,0
BRDA:400,27,0,0
BRDA:400,27,1,0
BRDA:436,28,0,0
BRDA:436,28,1,0
BRDA:440,29,0,0
BRDA:440,29,1,0
BRDA:449,30,0,0
BRDA:449,30,1,0
BRDA:466,31,0,0
BRDA:466,31,1,0
BRF:66
BRH:0
end_of_record
TN:
SF:src\screens\DiscountsScreen.tsx
FN:31,(anonymous_0)
FN:39,(anonymous_1)
FN:43,(anonymous_2)
FN:57,(anonymous_3)
FN:63,(anonymous_4)
FN:68,(anonymous_5)
FN:73,(anonymous_6)
FN:81,(anonymous_7)
FN:160,(anonymous_8)
FN:167,(anonymous_9)
FNF:10
FNH:0
FNDA:0,(anonymous_0)
FNDA:0,(anonymous_1)
FNDA:0,(anonymous_2)
FNDA:0,(anonymous_3)
FNDA:0,(anonymous_4)
FNDA:0,(anonymous_5)
FNDA:0,(anonymous_6)
FNDA:0,(anonymous_7)
FNDA:0,(anonymous_8)
FNDA:0,(anonymous_9)
DA:17,1
DA:31,1
DA:32,0
DA:33,0
DA:34,0
DA:35,0
DA:36,0
DA:37,0
DA:39,0
DA:40,0
DA:43,0
DA:44,0
DA:45,0
DA:46,0
DA:47,0
DA:48,0
DA:50,0
DA:51,0
DA:53,0
DA:57,0
DA:58,0
DA:59,0
DA:60,0
DA:63,0
DA:64,0
DA:65,0
DA:68,0
DA:69,0
DA:70,0
DA:73,0
DA:74,0
DA:75,0
DA:77,0
DA:81,0
DA:129,0
DA:135,0
DA:136,0
DA:144,0
DA:161,0
DA:167,0
DA:228,1
LF:41
LH:3
BRDA:46,0,0,0
BRDA:46,0,1,0
BRDA:80,1,0,0
BRDA:80,1,1,0
BRDA:90,2,0,0
BRDA:90,2,1,0
BRDA:105,3,0,0
BRDA:105,3,1,0
BRDA:120,4,0,0
BRDA:120,4,1,0
BRDA:135,5,0,0
BRDA:135,5,1,0
BRDA:135,6,0,0
BRDA:135,6,1,0
BRDA:148,7,0,0
BRDA:148,7,1,0
BRDA:165,8,0,0
BRDA:165,8,1,0
BRDA:172,9,0,0
BRDA:172,9,1,0
BRDA:189,10,0,0
BRDA:189,10,1,0
BRDA:194,11,0,0
BRDA:194,11,1,0
BRDA:203,12,0,0
BRDA:203,12,1,0
BRF:26
BRH:0
end_of_record
TN:
SF:src\screens\EcommerceScreen.tsx
FN:23,(anonymous_0)
FN:47,(anonymous_1)
FN:56,(anonymous_2)
FN:82,(anonymous_3)
FN:91,(anonymous_4)
FN:118,(anonymous_5)
FN:124,(anonymous_6)
FN:128,(anonymous_7)
FN:138,(anonymous_8)
FN:174,(anonymous_9)
FN:179,(anonymous_10)
FN:184,(anonymous_11)
FN:190,(anonymous_12)
FN:221,(anonymous_13)
FN:258,(anonymous_14)
FN:277,(anonymous_15)
FN:285,(anonymous_16)
FN:289,(anonymous_17)
FN:304,(anonymous_18)
FN:323,(anonymous_19)
FN:330,(anonymous_20)
FN:343,(anonymous_21)
FN:367,(anonymous_22)
FN:370,(anonymous_23)
FN:379,(anonymous_24)
FN:404,(anonymous_25)
FNF:26
FNH:6
FNDA:3,(anonymous_0)
FNDA:1,(anonymous_1)
FNDA:0,(anonymous_2)
FNDA:0,(anonymous_3)
FNDA:0,(anonymous_4)
FNDA:0,(anonymous_5)
FNDA:1,(anonymous_6)
FNDA:0,(anonymous_7)
FNDA:0,(anonymous_8)
FNDA:0,(anonymous_9)
FNDA:0,(anonymous_10)
FNDA:0,(anonymous_11)
FNDA:3,(anonymous_12)
FNDA:3,(anonymous_13)
FNDA:0,(anonymous_14)
FNDA:0,(anonymous_15)
FNDA:18,(anonymous_16)
FNDA:0,(anonymous_17)
FNDA:0,(anonymous_18)
FNDA:0,(anonymous_19)
FNDA:0,(anonymous_20)
FNDA:0,(anonymous_21)
FNDA:0,(anonymous_22)
FNDA:0,(anonymous_23)
FNDA:0,(anonymous_24)
FNDA:0,(anonymous_25)
DA:15,1
DA:23,1
DA:24,3
DA:25,3
DA:26,3
DA:27,3
DA:28,3
DA:29,3
DA:30,3
DA:33,3
DA:35,3
DA:44,3
DA:47,3
DA:48,1
DA:49,1
DA:50,1
DA:51,1
DA:52,1
DA:53,1
DA:56,1
DA:57,0
DA:66,0
DA:67,0
DA:69,0
DA:71,0
DA:74,1
DA:75,1
DA:77,1
DA:82,3
DA:83,0
DA:84,0
DA:85,0
DA:86,0
DA:87,0
DA:88,0
DA:91,0
DA:92,0
DA:101,0
DA:102,0
DA:104,0
DA:105,0
DA:107,0
DA:110,0
DA:111,0
DA:113,0
DA:118,3
DA:119,0
DA:124,3
DA:125,1
DA:128,3
DA:129,0
DA:131,0
DA:132,0
DA:134,0
DA:138,3
DA:139,0
DA:141,0
DA:142,0
DA:143,0
DA:144,0
DA:145,0
DA:146,0
DA:149,0
DA:150,0
DA:151,0
DA:152,0
DA:156,0
DA:157,0
DA:158,0
DA:159,0
DA:162,0
DA:163,0
DA:164,0
DA:166,0
DA:169,0
DA:170,0
DA:174,3
DA:175,0
DA:176,0
DA:179,3
DA:180,0
DA:181,0
DA:184,3
DA:185,0
DA:186,0
DA:190,3
DA:191,3
DA:193,0
DA:195,0
DA:197,0
DA:199,3
DA:200,0
DA:209,3
DA:210,0
DA:217,3
DA:221,3
DA:222,3
DA:258,0
DA:278,0
DA:279,0
DA:286,18
DA:289,0
DA:304,0
DA:324,0
DA:330,0
DA:343,0
DA:367,3
DA:368,0
DA:370,0
DA:379,0
DA:405,0
DA:406,0
DA:407,0
DA:409,0
DA:430,3
DA:440,1
LF:116
LH:43
BRDA:51,0,0,1
BRDA:51,0,1,0
BRDA:59,1,0,0
BRDA:59,1,1,0
BRDA:60,2,0,0
BRDA:60,2,1,0
BRDA:61,3,0,0
BRDA:61,3,1,0
BRDA:61,3,2,0
BRDA:62,4,0,0
BRDA:62,4,1,0
BRDA:63,5,0,0
BRDA:63,5,1,0
BRDA:63,5,2,0
BRDA:64,6,0,0
BRDA:64,6,1,0
BRDA:86,7,0,0
BRDA:86,7,1,0
BRDA:94,8,0,0
BRDA:94,8,1,0
BRDA:95,9,0,0
BRDA:95,9,1,0
BRDA:96,10,0,0
BRDA:96,10,1,0
BRDA:96,10,2,0
BRDA:97,11,0,0
BRDA:97,11,1,0
BRDA:98,12,0,0
BRDA:98,12,1,0
BRDA:98,12,2,0
BRDA:99,13,0,0
BRDA:99,13,1,0
BRDA:119,14,0,0
BRDA:119,14,1,0
BRDA:129,15,0,0
BRDA:129,15,1,0
BRDA:149,16,0,0
BRDA:149,16,1,0
BRDA:156,17,0,0
BRDA:156,17,1,0
BRDA:163,18,0,0
BRDA:163,18,1,0
BRDA:191,19,0,0
BRDA:191,19,1,0
BRDA:191,19,2,0
BRDA:191,19,3,3
BRDA:199,20,0,0
BRDA:199,20,1,3
BRDA:199,21,0,3
BRDA:199,21,1,0
BRDA:209,22,0,0
BRDA:209,22,1,3
BRDA:276,23,0,3
BRDA:276,23,1,3
BRDA:283,24,0,3
BRDA:283,24,1,3
BRDA:288,25,0,18
BRDA:288,25,1,0
BRDA:292,26,0,18
BRDA:292,26,1,0
BRDA:304,27,0,0
BRDA:304,27,1,3
BRDA:309,28,0,1
BRDA:309,28,1,2
BRDA:314,29,0,2
BRDA:314,29,1,0
BRDA:330,30,0,0
BRDA:330,30,1,0
BRDA:352,31,0,3
BRDA:352,31,1,0
BRDA:370,32,0,0
BRDA:370,32,1,0
BRDA:374,33,0,0
BRDA:374,33,1,0
BRDA:386,34,0,0
BRDA:386,34,1,0
BRDA:396,35,0,0
BRDA:396,35,1,0
BRDA:397,36,0,0
BRDA:397,36,1,0
BRDA:403,37,0,0
BRDA:403,37,1,0
BRDA:406,38,0,0
BRDA:406,38,1,0
BRDA:415,39,0,0
BRDA:415,39,1,0
BRDA:420,40,0,0
BRDA:420,40,1,0
BRDA:421,41,0,0
BRDA:421,41,1,0
BRF:90
BRH:16
end_of_record
TN:
SF:src\screens\LoginScreen.tsx
FN:14,(anonymous_0)
FN:21,(anonymous_1)
FN:38,(anonymous_2)
FN:43,(anonymous_3)
FN:120,(anonymous_4)
FN:121,(anonymous_5)
FN:137,(anonymous_6)
FN:138,(anonymous_7)
FNF:8
FNH:8
FNDA:48,(anonymous_0)
FNDA:10,(anonymous_1)
FNDA:2,(anonymous_2)
FNDA:10,(anonymous_3)
FNDA:1,(anonymous_4)
FNDA:1,(anonymous_5)
FNDA:1,(anonymous_6)
FNDA:1,(anonymous_7)
DA:7,1
DA:14,1
DA:15,48
DA:16,48
DA:17,48
DA:18,48
DA:19,48
DA:21,48
DA:22,10
DA:25,10
DA:39,2
DA:43,48
DA:45,10
DA:46,10
DA:48,10
DA:49,3
DA:50,3
DA:53,7
DA:54,7
DA:55,7
DA:56,6
DA:58,6
DA:59,4
DA:60,4
DA:61,4
DA:64,4
DA:66,2
DA:67,2
DA:70,1
DA:71,1
DA:75,48
DA:120,1
DA:121,1
DA:137,1
DA:138,1
DA:168,1
LF:36
LH:36
BRDA:21,0,0,0
BRDA:48,1,0,3
BRDA:48,1,1,7
BRDA:48,2,0,10
BRDA:48,2,1,8
BRDA:58,3,0,4
BRDA:58,3,1,2
BRDA:58,4,0,6
BRDA:58,4,1,4
BRDA:58,4,2,4
BRDA:67,5,0,2
BRDA:67,5,1,1
BRDA:86,6,0,48
BRDA:86,6,1,10
BRDA:90,7,0,4
BRDA:90,7,1,6
BRDA:96,8,0,4
BRDA:96,8,1,6
BRDA:114,9,0,48
BRDA:114,9,1,1
BRDA:130,10,0,48
BRDA:130,10,1,1
BRF:22
BRH:21
end_of_record
TN:
SF:src\screens\MessagesScreen.tsx
FN:25,(anonymous_0)
FN:55,(anonymous_1)
FN:97,(anonymous_2)
FN:115,(anonymous_3)
FN:133,(anonymous_4)
FN:146,(anonymous_5)
FN:155,(anonymous_6)
FN:181,(anonymous_7)
FN:195,(anonymous_8)
FN:221,(anonymous_9)
FN:239,(anonymous_10)
FN:344,(anonymous_11)
FN:418,(anonymous_12)
FNF:13
FNH:0
FNDA:0,(anonymous_0)
FNDA:0,(anonymous_1)
FNDA:0,(anonymous_2)
FNDA:0,(anonymous_3)
FNDA:0,(anonymous_4)
FNDA:0,(anonymous_5)
FNDA:0,(anonymous_6)
FNDA:0,(anonymous_7)
FNDA:0,(anonymous_8)
FNDA:0,(anonymous_9)
FNDA:0,(anonymous_10)
FNDA:0,(anonymous_11)
FNDA:0,(anonymous_12)
DA:12,1
DA:25,1
DA:26,0
DA:41,0
DA:44,0
DA:53,0
DA:56,0
DA:61,0
DA:97,0
DA:98,0
DA:99,0
DA:100,0
DA:104,0
DA:106,0
DA:107,0
DA:110,0
DA:115,0
DA:116,0
DA:117,0
DA:119,0
DA:120,0
DA:121,0
DA:122,0
DA:124,0
DA:125,0
DA:126,0
DA:133,0
DA:134,0
DA:146,0
DA:147,0
DA:148,0
DA:149,0
DA:151,0
DA:155,0
DA:156,0
DA:157,0
DA:159,0
DA:163,0
DA:181,0
DA:195,0
DA:221,0
DA:240,0
DA:344,0
DA:419,0
DA:475,1
LF:45
LH:3
BRDA:99,0,0,0
BRDA:99,0,1,0
BRDA:104,1,0,0
BRDA:104,1,1,0
BRDA:119,2,0,0
BRDA:119,2,1,0
BRDA:180,3,0,0
BRDA:180,3,1,0
BRDA:186,4,0,0
BRDA:186,4,1,0
BRDA:188,5,0,0
BRDA:188,5,1,0
BRDA:194,6,0,0
BRDA:194,6,1,0
BRDA:201,7,0,0
BRDA:201,7,1,0
BRDA:203,8,0,0
BRDA:203,8,1,0
BRDA:205,9,0,0
BRDA:205,9,1,0
BRDA:209,10,0,0
BRDA:209,10,1,0
BRDA:212,11,0,0
BRDA:212,11,1,0
BRDA:220,12,0,0
BRDA:220,12,1,0
BRDA:226,13,0,0
BRDA:226,13,1,0
BRDA:228,14,0,0
BRDA:228,14,1,0
BRDA:236,15,0,0
BRDA:236,15,1,0
BRDA:242,16,0,0
BRDA:242,16,1,0
BRDA:248,17,0,0
BRDA:248,17,1,0
BRDA:253,18,0,0
BRDA:253,18,1,0
BRDA:256,19,0,0
BRDA:256,19,1,0
BRDA:270,20,0,0
BRDA:270,20,1,0
BRDA:321,21,0,0
BRDA:321,21,1,0
BRDA:326,22,0,0
BRDA:326,22,1,0
BRDA:330,23,0,0
BRDA:330,23,1,0
BRDA:333,24,0,0
BRDA:333,24,1,0
BRDA:337,25,0,0
BRDA:337,25,1,0
BRDA:351,26,0,0
BRDA:351,26,1,0
BRDA:357,27,0,0
BRDA:357,27,1,0
BRDA:369,28,0,0
BRDA:369,28,1,0
BRDA:381,29,0,0
BRDA:381,29,1,0
BRDA:383,30,0,0
BRDA:383,30,1,0
BRDA:397,31,0,0
BRDA:397,31,1,0
BRDA:408,32,0,0
BRDA:408,32,1,0
BRDA:416,33,0,0
BRDA:416,33,1,0
BRDA:416,34,0,0
BRDA:416,34,1,0
BRDA:428,35,0,0
BRDA:428,35,1,0
BRF:72
BRH:0
end_of_record
TN:
SF:src\screens\ProductDetailScreen.tsx
FN:31,(anonymous_0)
FN:54,(anonymous_1)
FN:70,(anonymous_2)
FN:80,(anonymous_3)
FN:152,(anonymous_4)
FN:153,(anonymous_5)
FN:173,(anonymous_6)
FN:206,(anonymous_7)
FN:219,(anonymous_8)
FN:221,(anonymous_9)
FN:227,(anonymous_10)
FN:228,(anonymous_11)
FN:310,(anonymous_12)
FNF:13
FNH:0
FNDA:0,(anonymous_0)
FNDA:0,(anonymous_1)
FNDA:0,(anonymous_2)
FNDA:0,(anonymous_3)
FNDA:0,(anonymous_4)
FNDA:0,(anonymous_5)
FNDA:0,(anonymous_6)
FNDA:0,(anonymous_7)
FNDA:0,(anonymous_8)
FNDA:0,(anonymous_9)
FNDA:0,(anonymous_10)
FNDA:0,(anonymous_11)
FNDA:0,(anonymous_12)
DA:22,1
DA:31,1
DA:37,0
DA:38,0
DA:39,0
DA:40,0
DA:49,0
DA:51,0
DA:54,0
DA:55,0
DA:56,0
DA:57,0
DA:61,0
DA:62,0
DA:64,0
DA:65,0
DA:70,0
DA:71,0
DA:72,0
DA:74,0
DA:75,0
DA:77,0
DA:79,0
DA:80,0
DA:82,0
DA:93,0
DA:95,0
DA:96,0
DA:97,0
DA:98,0
DA:100,0
DA:101,0
DA:102,0
DA:104,0
DA:105,0
DA:106,0
DA:109,0
DA:114,0
DA:115,0
DA:117,0
DA:118,0
DA:121,0
DA:122,0
DA:123,0
DA:124,0
DA:127,0
DA:128,0
DA:129,0
DA:130,0
DA:133,0
DA:134,0
DA:135,0
DA:136,0
DA:137,0
DA:142,0
DA:145,0
DA:148,0
DA:152,0
DA:153,0
DA:155,0
DA:156,0
DA:157,0
DA:158,0
DA:162,0
DA:163,0
DA:167,0
DA:170,0
DA:173,0
DA:174,0
DA:177,0
DA:191,0
DA:193,0
DA:195,0
DA:208,0
DA:215,0
DA:219,0
DA:220,0
DA:221,0
DA:222,0
DA:223,0
DA:227,0
DA:228,0
DA:231,0
DA:232,0
DA:245,0
DA:246,0
DA:247,0
DA:268,0
DA:269,0
DA:277,0
DA:310,0
DA:498,1
LF:92
LH:3
BRDA:100,0,0,0
BRDA:100,0,1,0
BRDA:111,1,0,0
BRDA:111,1,1,0
BRDA:129,2,0,0
BRDA:129,2,1,0
BRDA:130,3,0,0
BRDA:130,3,1,0
BRDA:133,4,0,0
BRDA:133,4,1,0
BRDA:134,5,0,0
BRDA:134,5,1,0
BRDA:136,6,0,0
BRDA:136,6,1,0
BRDA:156,7,0,0
BRDA:156,7,1,0
BRDA:174,8,0,0
BRDA:174,8,1,0
BRDA:193,9,0,0
BRDA:193,9,1,0
BRDA:220,10,0,0
BRDA:220,10,1,0
BRDA:220,11,0,0
BRDA:220,11,1,0
BRDA:222,12,0,0
BRDA:222,12,1,0
BRDA:231,13,0,0
BRDA:231,13,1,0
BRDA:245,14,0,0
BRDA:245,14,1,0
BRDA:293,15,0,0
BRDA:293,15,1,0
BRDA:305,16,0,0
BRDA:305,16,1,0
BRDA:318,17,0,0
BRDA:318,17,1,0
BRDA:345,18,0,0
BRDA:345,18,1,0
BRDA:347,19,0,0
BRDA:347,19,1,0
BRDA:348,20,0,0
BRDA:348,20,1,0
BRDA:364,21,0,0
BRDA:364,21,1,0
BRDA:396,22,0,0
BRDA:396,22,1,0
BRDA:397,23,0,0
BRDA:397,23,1,0
BRDA:404,24,0,0
BRDA:404,24,1,0
BRDA:428,25,0,0
BRDA:428,25,1,0
BRDA:438,26,0,0
BRDA:438,26,1,0
BRDA:465,27,0,0
BRDA:465,27,1,0
BRDA:465,27,2,0
BRDA:468,28,0,0
BRDA:468,28,1,0
BRDA:472,29,0,0
BRDA:472,29,1,0
BRDA:472,30,0,0
BRDA:472,30,1,0
BRDA:478,31,0,0
BRDA:478,31,1,0
BRDA:480,32,0,0
BRDA:480,32,1,0
BRDA:482,33,0,0
BRDA:482,33,1,0
BRF:69
BRH:0
end_of_record
TN:
SF:src\services\authService.ts
FN:71,(anonymous_0)
FN:98,(anonymous_1)
FN:152,(anonymous_2)
FN:249,(anonymous_3)
FN:263,(anonymous_4)
FN:278,(anonymous_5)
FNF:6
FNH:2
FNDA:7,(anonymous_0)
FNDA:8,(anonymous_1)
FNDA:0,(anonymous_2)
FNDA:0,(anonymous_3)
FNDA:0,(anonymous_4)
FNDA:0,(anonymous_5)
DA:5,2
DA:72,7
DA:73,7
DA:74,7
DA:76,6
DA:77,1
DA:78,1
DA:81,5
DA:84,5
DA:85,5
DA:86,5
DA:88,5
DA:90,1
DA:91,1
DA:99,8
DA:101,8
DA:106,8
DA:107,8
DA:108,8
DA:110,8
DA:118,7
DA:119,7
DA:121,7
DA:122,6
DA:124,6
DA:125,2
DA:131,4
DA:138,4
DA:139,4
DA:141,2
DA:142,2
DA:153,0
DA:154,0
DA:161,0
DA:163,0
DA:174,0
DA:176,0
DA:177,0
DA:180,0
DA:181,0
DA:182,0
DA:184,0
DA:185,0
DA:186,0
DA:188,0
DA:190,0
DA:191,0
DA:196,0
DA:204,0
DA:205,0
DA:210,0
DA:217,0
DA:218,0
DA:224,0
DA:225,0
DA:231,0
DA:238,0
DA:239,0
DA:250,0
DA:254,0
DA:256,0
DA:264,0
DA:268,0
DA:270,0
DA:271,0
DA:279,0
DA:282,0
DA:284,0
DA:285,0
LF:69
LH:31
BRDA:76,0,0,1
BRDA:76,0,1,5
BRDA:86,1,0,5
BRDA:86,1,1,1
BRDA:88,2,0,5
BRDA:88,2,1,3
BRDA:88,2,2,2
BRDA:124,3,0,2
BRDA:124,3,1,4
BRDA:127,4,0,2
BRDA:127,4,1,1
BRDA:133,5,0,4
BRDA:133,5,1,0
BRDA:156,6,0,0
BRDA:156,6,1,0
BRDA:157,7,0,0
BRDA:157,7,1,0
BRDA:158,8,0,0
BRDA:158,8,1,0
BRDA:184,9,0,0
BRDA:184,9,1,0
BRDA:184,10,0,0
BRDA:184,10,1,0
BRDA:190,11,0,0
BRDA:190,11,1,0
BRDA:190,12,0,0
BRDA:190,12,1,0
BRDA:198,13,0,0
BRDA:198,13,1,0
BRDA:204,14,0,0
BRDA:204,14,1,0
BRDA:204,15,0,0
BRDA:204,15,1,0
BRDA:212,16,0,0
BRDA:212,16,1,0
BRDA:224,17,0,0
BRDA:224,17,1,0
BRDA:227,18,0,0
BRDA:227,18,1,0
BRDA:233,19,0,0
BRDA:233,19,1,0
BRF:41
BRH:12
end_of_record
TN:
SF:src\services\discountService.ts
FN:27,(anonymous_0)
FN:66,(anonymous_1)
FN:99,(anonymous_2)
FN:134,(anonymous_3)
FN:174,(anonymous_4)
FN:223,(anonymous_5)
FN:245,(anonymous_6)
FN:253,(anonymous_7)
FN:261,(anonymous_8)
FN:280,(anonymous_9)
FN:293,(anonymous_10)
FN:307,(anonymous_11)
FN:333,(anonymous_12)
FNF:13
FNH:0
FNDA:0,(anonymous_0)
FNDA:0,(anonymous_1)
FNDA:0,(anonymous_2)
FNDA:0,(anonymous_3)
FNDA:0,(anonymous_4)
FNDA:0,(anonymous_5)
FNDA:0,(anonymous_6)
FNDA:0,(anonymous_7)
FNDA:0,(anonymous_8)
FNDA:0,(anonymous_9)
FNDA:0,(anonymous_10)
FNDA:0,(anonymous_11)
FNDA:0,(anonymous_12)
DA:28,0
DA:29,0
DA:30,0
DA:31,0
DA:34,0
DA:41,0
DA:42,0
DA:45,0
DA:48,0
DA:49,0
DA:50,0
DA:51,0
DA:53,0
DA:56,0
DA:57,0
DA:67,0
DA:68,0
DA:76,0
DA:77,0
DA:80,0
DA:83,0
DA:84,0
DA:87,0
DA:89,0
DA:90,0
DA:100,0
DA:101,0
DA:109,0
DA:110,0
DA:113,0
DA:116,0
DA:117,0
DA:120,0
DA:122,0
DA:123,0
DA:139,0
DA:140,0
DA:142,0
DA:149,0
DA:150,0
DA:153,0
DA:156,0
DA:157,0
DA:160,0
DA:162,0
DA:163,0
DA:179,0
DA:180,0
DA:182,0
DA:183,0
DA:184,0
DA:186,0
DA:187,0
DA:190,0
DA:197,0
DA:198,0
DA:201,0
DA:204,0
DA:205,0
DA:208,0
DA:210,0
DA:211,0
DA:229,0
DA:236,0
DA:249,0
DA:250,0
DA:253,0
DA:255,0
DA:256,0
DA:260,0
DA:261,0
DA:265,0
DA:268,0
DA:270,0
DA:271,0
DA:281,0
DA:282,0
DA:284,0
DA:294,0
DA:295,0
DA:296,0
DA:298,0
DA:308,0
DA:309,0
DA:312,0
DA:314,0
DA:315,0
DA:317,0
DA:321,0
DA:322,0
DA:325,0
DA:334,0
DA:335,0
DA:342,0
DA:343,0
DA:346,0
DA:349,0
DA:350,0
DA:353,0
DA:355,0
DA:356,0
DA:362,1
LF:102
LH:1
BRDA:30,0,0,0
BRDA:30,0,1,0
BRDA:41,1,0,0
BRDA:41,1,1,0
BRDA:48,2,0,0
BRDA:48,2,1,0
BRDA:50,3,0,0
BRDA:50,3,1,0
BRDA:50,4,0,0
BRDA:50,4,1,0
BRDA:76,5,0,0
BRDA:76,5,1,0
BRDA:83,6,0,0
BRDA:83,6,1,0
BRDA:84,7,0,0
BRDA:84,7,1,0
BRDA:109,8,0,0
BRDA:109,8,1,0
BRDA:116,9,0,0
BRDA:116,9,1,0
BRDA:117,10,0,0
BRDA:117,10,1,0
BRDA:136,11,0,0
BRDA:137,12,0,0
BRDA:149,13,0,0
BRDA:149,13,1,0
BRDA:156,14,0,0
BRDA:156,14,1,0
BRDA:157,15,0,0
BRDA:157,15,1,0
BRDA:183,16,0,0
BRDA:183,16,1,0
BRDA:184,17,0,0
BRDA:184,17,1,0
BRDA:186,18,0,0
BRDA:186,18,1,0
BRDA:197,19,0,0
BRDA:197,19,1,0
BRDA:204,20,0,0
BRDA:204,20,1,0
BRDA:205,21,0,0
BRDA:205,21,1,0
BRDA:255,22,0,0
BRDA:255,22,1,0
BRDA:260,23,0,0
BRDA:260,23,1,0
BRDA:260,24,0,0
BRDA:260,24,1,0
BRDA:281,25,0,0
BRDA:281,25,1,0
BRDA:298,26,0,0
BRDA:298,26,1,0
BRDA:308,27,0,0
BRDA:308,27,1,0
BRDA:314,28,0,0
BRDA:314,28,1,0
BRDA:321,29,0,0
BRDA:321,29,1,0
BRDA:342,30,0,0
BRDA:342,30,1,0
BRDA:349,31,0,0
BRDA:349,31,1,0
BRDA:350,32,0,0
BRDA:350,32,1,0
BRF:64
BRH:0
end_of_record
TN:
SF:src\services\inAppNotificationService.ts
FN:8,(anonymous_0)
FN:21,(anonymous_1)
FN:53,(anonymous_2)
FN:68,(anonymous_3)
FN:88,(anonymous_4)
FN:100,(anonymous_5)
FN:134,(anonymous_6)
FN:155,(anonymous_7)
FN:164,(anonymous_8)
FN:169,(anonymous_9)
FN:210,(anonymous_10)
FN:238,(anonymous_11)
FN:247,(anonymous_12)
FNF:13
FNH:0
FNDA:0,(anonymous_0)
FNDA:0,(anonymous_1)
FNDA:0,(anonymous_2)
FNDA:0,(anonymous_3)
FNDA:0,(anonymous_4)
FNDA:0,(anonymous_5)
FNDA:0,(anonymous_6)
FNDA:0,(anonymous_7)
FNDA:0,(anonymous_8)
FNDA:0,(anonymous_9)
FNDA:0,(anonymous_10)
FNDA:0,(anonymous_11)
FNDA:0,(anonymous_12)
DA:7,1
DA:8,0
DA:18,1
DA:22,0
DA:24,0
DA:33,0
DA:35,0
DA:36,0
DA:38,0
DA:39,0
DA:40,0
DA:43,0
DA:44,0
DA:45,0
DA:47,0
DA:48,0
DA:54,0
DA:55,0
DA:56,0
DA:61,0
DA:63,0
DA:69,0
DA:70,0
DA:81,0
DA:83,0
DA:89,0
DA:91,0
DA:92,0
DA:95,0
DA:101,0
DA:103,0
DA:111,0
DA:119,0
DA:121,0
DA:123,0
DA:134,0
DA:135,0
DA:136,0
DA:140,0
DA:143,0
DA:146,0
DA:149,0
DA:150,0
DA:156,0
DA:157,0
DA:159,0
DA:165,0
DA:180,0
DA:182,0
DA:184,0
DA:185,0
DA:186,0
DA:188,0
DA:193,0
DA:194,0
DA:198,0
DA:199,0
DA:202,0
DA:204,0
DA:205,0
DA:211,0
DA:213,0
DA:215,0
DA:216,0
DA:219,0
DA:220,0
DA:227,0
DA:230,0
DA:232,0
DA:233,0
DA:239,0
DA:240,0
DA:242,0
DA:248,0
DA:249,0
DA:250,0
DA:252,0
LF:77
LH:2
BRDA:38,0,0,0
BRDA:38,0,1,0
BRDA:55,1,0,0
BRDA:55,1,1,0
BRDA:100,2,0,0
BRDA:135,3,0,0
BRDA:135,3,1,0
BRDA:135,4,0,0
BRDA:135,4,1,0
BRDA:155,5,0,0
BRDA:156,6,0,0
BRDA:156,6,1,0
BRDA:164,7,0,0
BRDA:172,8,0,0
BRDA:180,9,0,0
BRDA:180,10,0,0
BRDA:180,11,0,0
BRDA:180,12,0,0
BRDA:184,13,0,0
BRDA:184,13,1,0
BRDA:185,14,0,0
BRDA:185,14,1,0
BRDA:193,15,0,0
BRDA:193,15,1,0
BRDA:198,16,0,0
BRDA:198,16,1,0
BRDA:215,17,0,0
BRDA:215,17,1,0
BRF:28
BRH:0
end_of_record
TN:
SF:src\services\notificationService.ts
FN:26,(anonymous_0)
FN:33,(anonymous_1)
FN:34,(anonymous_2)
FN:46,(anonymous_3)
FN:53,(anonymous_4)
FN:59,(anonymous_5)
FN:73,(anonymous_6)
FN:91,(anonymous_7)
FN:98,(anonymous_8)
FN:114,(anonymous_9)
FN:167,(anonymous_10)
FN:179,(anonymous_11)
FN:184,(anonymous_12)
FN:192,(anonymous_13)
FN:220,(anonymous_14)
FN:231,(anonymous_15)
FN:246,(anonymous_16)
FN:251,(anonymous_17)
FN:256,(anonymous_18)
FN:269,(anonymous_19)
FN:270,(anonymous_20)
FN:282,(anonymous_21)
FN:284,(anonymous_22)
FN:288,(anonymous_23)
FN:297,(anonymous_24)
FN:311,(anonymous_25)
FN:332,(anonymous_26)
FN:348,(anonymous_27)
FN:378,(anonymous_28)
FN:381,(anonymous_29)
FN:384,(anonymous_30)
FNF:31
FNH:1
FNDA:1,(anonymous_0)
FNDA:0,(anonymous_1)
FNDA:0,(anonymous_2)
FNDA:0,(anonymous_3)
FNDA:0,(anonymous_4)
FNDA:0,(anonymous_5)
FNDA:0,(anonymous_6)
FNDA:0,(anonymous_7)
FNDA:0,(anonymous_8)
FNDA:0,(anonymous_9)
FNDA:0,(anonymous_10)
FNDA:0,(anonymous_11)
FNDA:0,(anonymous_12)
FNDA:0,(anonymous_13)
FNDA:0,(anonymous_14)
FNDA:0,(anonymous_15)
FNDA:0,(anonymous_16)
FNDA:0,(anonymous_17)
FNDA:0,(anonymous_18)
FNDA:0,(anonymous_19)
FNDA:0,(anonymous_20)
FNDA:0,(anonymous_21)
FNDA:0,(anonymous_22)
FNDA:0,(anonymous_23)
FNDA:0,(anonymous_24)
FNDA:0,(anonymous_25)
FNDA:0,(anonymous_26)
FNDA:0,(anonymous_27)
FNDA:0,(anonymous_28)
FNDA:0,(anonymous_29)
FNDA:0,(anonymous_30)
DA:18,1
DA:19,1
DA:20,1
DA:21,1
DA:22,1
DA:23,1
DA:24,1
DA:27,1
DA:28,1
DA:29,1
DA:34,0
DA:35,0
DA:36,0
DA:38,0
DA:39,0
DA:42,0
DA:43,0
DA:46,0
DA:47,0
DA:51,0
DA:54,0
DA:55,0
DA:56,0
DA:59,0
DA:60,0
DA:61,0
DA:62,0
DA:63,0
DA:64,0
DA:65,0
DA:67,0
DA:68,0
DA:73,0
DA:74,0
DA:75,0
DA:76,0
DA:77,0
DA:79,0
DA:84,0
DA:88,0
DA:89,0
DA:92,0
DA:93,0
DA:96,0
DA:97,0
DA:98,0
DA:99,0
DA:102,0
DA:107,0
DA:108,0
DA:115,0
DA:116,0
DA:118,0
DA:120,0
DA:121,0
DA:124,0
DA:128,0
DA:129,0
DA:130,0
DA:134,0
DA:135,0
DA:136,0
DA:140,0
DA:141,0
DA:142,0
DA:144,0
DA:145,0
DA:149,0
DA:161,0
DA:163,0
DA:167,0
DA:168,0
DA:169,0
DA:170,0
DA:171,0
DA:173,0
DA:180,0
DA:185,0
DA:186,0
DA:187,0
DA:193,0
DA:194,0
DA:195,0
DA:196,0
DA:198,0
DA:199,0
DA:206,0
DA:207,0
DA:208,0
DA:210,0
DA:213,0
DA:214,0
DA:215,0
DA:221,0
DA:232,0
DA:233,0
DA:234,0
DA:237,0
DA:238,0
DA:239,0
DA:240,0
DA:241,0
DA:247,0
DA:252,0
DA:257,0
DA:258,0
DA:261,0
DA:262,0
DA:265,0
DA:270,0
DA:271,0
DA:272,0
DA:273,0
DA:276,0
DA:279,0
DA:282,0
DA:283,0
DA:285,0
DA:286,0
DA:289,0
DA:290,0
DA:298,0
DA:312,0
DA:313,0
DA:317,0
DA:318,0
DA:321,0
DA:322,0
DA:327,0
DA:328,0
DA:329,0
DA:332,0
DA:333,0
DA:336,0
DA:338,0
DA:339,0
DA:342,0
DA:343,0
DA:349,0
DA:350,0
DA:354,0
DA:355,0
DA:358,0
DA:359,0
DA:364,0
DA:365,0
DA:366,0
DA:368,0
DA:369,0
DA:372,0
DA:373,0
DA:379,0
DA:380,0
DA:381,0
DA:384,0
DA:386,0
DA:387,0
DA:393,1
LF:158
LH:11
BRDA:96,0,0,0
BRDA:96,0,1,0
BRDA:124,1,0,0
BRDA:124,1,1,0
BRDA:124,1,2,0
BRDA:124,1,3,0
BRDA:124,1,4,0
BRDA:124,1,5,0
BRDA:124,1,6,0
BRDA:124,1,7,0
BRDA:124,1,8,0
BRDA:124,1,9,0
BRDA:186,2,0,0
BRDA:186,2,1,0
BRDA:192,3,0,0
BRDA:198,4,0,0
BRDA:198,4,1,0
BRDA:198,5,0,0
BRDA:198,5,1,0
BRDA:232,6,0,0
BRDA:232,6,1,0
BRDA:237,7,0,0
BRDA:237,7,1,0
BRDA:237,8,0,0
BRDA:237,8,1,0
BRDA:257,9,0,0
BRDA:257,9,1,0
BRDA:261,10,0,0
BRDA:261,10,1,0
BRDA:271,11,0,0
BRDA:271,11,1,0
BRDA:299,12,0,0
BRDA:299,12,1,0
BRDA:300,13,0,0
BRDA:300,13,1,0
BRDA:304,14,0,0
BRDA:304,14,1,0
BRDA:317,15,0,0
BRDA:317,15,1,0
BRDA:327,16,0,0
BRDA:327,16,1,0
BRDA:354,17,0,0
BRDA:354,17,1,0
BRDA:364,18,0,0
BRDA:364,18,1,0
BRF:45
BRH:0
end_of_record
TN:
SF:src\services\stripeService.ts
FN:6,(anonymous_0)
FN:53,(anonymous_1)
FN:58,(anonymous_2)
FN:100,(anonymous_3)
FNF:4
FNH:1
FNDA:0,(anonymous_0)
FNDA:1,(anonymous_1)
FNDA:0,(anonymous_2)
FNDA:0,(anonymous_3)
DA:4,1
DA:6,1
DA:7,0
DA:8,0
DA:12,0
DA:13,0
DA:15,0
DA:16,0
DA:54,1
DA:61,0
DA:62,0
DA:64,0
DA:72,0
DA:73,0
DA:74,0
DA:75,0
DA:81,0
DA:82,0
DA:84,0
DA:91,0
DA:92,0
DA:105,0
DA:106,0
DA:108,0
DA:120,0
DA:121,0
DA:122,0
DA:123,0
DA:129,0
DA:130,0
DA:132,0
DA:137,0
DA:138,0
DA:146,1
LF:34
LH:4
BRDA:53,0,0,1
BRDA:72,1,0,0
BRDA:72,1,1,0
BRDA:94,2,0,0
BRDA:94,2,1,0
BRDA:120,3,0,0
BRDA:120,3,1,0
BRDA:140,4,0,0
BRDA:140,4,1,0
BRF:9
BRH:1
end_of_record
TN:
SF:src\services\toastService.ts
FN:19,(anonymous_0)
FN:21,(anonymous_1)
FN:22,(anonymous_2)
FN:27,(anonymous_3)
FN:45,(anonymous_4)
FN:57,(anonymous_5)
FN:62,(anonymous_6)
FN:67,(anonymous_7)
FN:72,(anonymous_8)
FN:77,(anonymous_9)
FN:82,(anonymous_10)
FNF:11
FNH:0
FNDA:0,(anonymous_0)
FNDA:0,(anonymous_1)
FNDA:0,(anonymous_2)
FNDA:0,(anonymous_3)
FNDA:0,(anonymous_4)
FNDA:0,(anonymous_5)
FNDA:0,(anonymous_6)
FNDA:0,(anonymous_7)
FNDA:0,(anonymous_8)
FNDA:0,(anonymous_9)
FNDA:0,(anonymous_10)
DA:15,1
DA:16,1
DA:20,0
DA:21,0
DA:22,0
DA:33,0
DA:42,0
DA:45,0
DA:46,0
DA:47,0
DA:49,0
DA:53,0
DA:58,0
DA:63,0
DA:68,0
DA:73,0
DA:78,0
DA:83,0
LF:18
LH:2
BRDA:30,0,0,0
BRDA:31,1,0,0
BRF:2
BRH:0
end_of_record
TN:
SF:src\services\userOrderService.ts
FN:53,(anonymous_0)
FN:94,(anonymous_1)
FN:173,(anonymous_2)
FN:177,(anonymous_3)
FN:183,(anonymous_4)
FN:185,(anonymous_5)
FN:192,(anonymous_6)
FN:206,(anonymous_7)
FN:226,(anonymous_8)
FNF:9
FNH:0
FNDA:0,(anonymous_0)
FNDA:0,(anonymous_1)
FNDA:0,(anonymous_2)
FNDA:0,(anonymous_3)
FNDA:0,(anonymous_4)
FNDA:0,(anonymous_5)
FNDA:0,(anonymous_6)
FNDA:0,(anonymous_7)
FNDA:0,(anonymous_8)
DA:54,0
DA:55,0
DA:63,0
DA:65,0
DA:66,0
DA:74,0
DA:81,0
DA:82,0
DA:100,0
DA:102,0
DA:104,0
DA:112,0
DA:114,0
DA:115,0
DA:133,0
DA:150,0
DA:151,0
DA:174,0
DA:175,0
DA:177,0
DA:184,0
DA:185,0
DA:186,0
DA:193,0
DA:194,0
DA:207,0
DA:209,0
DA:211,0
DA:213,0
DA:215,0
DA:217,0
DA:219,0
DA:227,0
DA:229,0
DA:231,0
DA:233,0
DA:235,0
DA:237,0
DA:239,0
LF:39
LH:0
BRDA:65,0,0,0
BRDA:65,0,1,0
BRDA:68,1,0,0
BRDA:68,1,1,0
BRDA:77,2,0,0
BRDA:77,2,1,0
BRDA:78,3,0,0
BRDA:78,3,1,0
BRDA:97,4,0,0
BRDA:98,5,0,0
BRDA:114,6,0,0
BRDA:114,6,1,0
BRDA:117,7,0,0
BRDA:117,7,1,0
BRDA:136,8,0,0
BRDA:136,8,1,0
BRDA:137,9,0,0
BRDA:137,9,1,0
BRDA:138,10,0,0
BRDA:138,10,1,0
BRDA:141,11,0,0
BRDA:141,11,1,0
BRDA:142,12,0,0
BRDA:142,12,1,0
BRDA:174,13,0,0
BRDA:174,13,1,0
BRDA:207,14,0,0
BRDA:207,14,1,0
BRDA:207,14,2,0
BRDA:207,14,3,0
BRDA:207,14,4,0
BRDA:207,14,5,0
BRDA:227,15,0,0
BRDA:227,15,1,0
BRDA:227,15,2,0
BRDA:227,15,3,0
BRDA:227,15,4,0
BRDA:227,15,5,0
BRF:38
BRH:0
end_of_record
TN:
SF:src\types\Discount.ts
FNF:0
FNH:0
LF:0
LH:0
BRF:0
BRH:0
end_of_record
